#
# There is insufficient memory for the Java Runtime Environment to continue.
# Native memory allocation (malloc) failed to allocate 160088 bytes for AllocateHeap
# Possible reasons:
#   The system is out of physical RAM or swap space
#   The process is running with CompressedOops enabled, and the Java Heap may be blocking the growth of the native heap
# Possible solutions:
#   Reduce memory load on the system
#   Increase physical memory or swap space
#   Check if swap backing store is full
#   Decrease Java heap size (-Xmx/-Xms)
#   Decrease number of Java threads
#   Decrease Java thread stack sizes (-Xss)
#   Set larger code cache with -XX:ReservedCodeCacheSize=
#   JVM is running with Zero Based Compressed Oops mode in which the Java heap is
#     placed in the first 32GB address space. The Java Heap base address is the
#     maximum limit for the native heap growth. Please use -XX:HeapBaseMinAddress
#     to set the Java Heap base and to place the Java Heap above 32GB virtual address.
# This output file may be truncated or incomplete.
#
#  Out of Memory Error (c:/cygwin64/tmp/openjdk-jdk11u-windows-x64-hotspot/workspace/build/src/src/hotspot/share/memory/allocation.cpp:46), pid=18868, tid=1624
#
# JRE version:  (11.0.6+10) (build )
# Java VM: OpenJDK 64-Bit Server VM (11.0.6+10, mixed mode, tiered, compressed oops, g1 gc, windows-amd64)
# No core dump will be written. Minidumps are not enabled by default on client versions of Windows
#

---------------  S U M M A R Y ------------

Command Line: -agentlib:jdwp=transport=dt_socket,server=n,suspend=y,address=localhost:64298 -Dfile.encoding=UTF-8 nl.hanze.hexagoons.dataprocessor.Runner

Host: Intel(R) Core(TM) i7-6700HQ CPU @ 2.60GHz, 8 cores, 15G,  Windows 10 , 64 bit Build 18362 (10.0.18362.329)
Time: Sun Jan 26 19:07:56 2020 West-Europa (standaardtijd) elapsed time: 0 seconds (0d 0h 0m 0s)

---------------  T H R E A D  ---------------

Current thread (0x000001da062b0800):  JavaThread "Unknown thread" [_thread_in_vm, id=1624, stack(0x0000001638c00000,0x0000001638d00000)]

Stack: [0x0000001638c00000,0x0000001638d00000]
Native frames: (J=compiled Java code, j=interpreted, Vv=VM code, C=native code)
V  [jvm.dll+0x5db25a]
V  [jvm.dll+0x7111de]
V  [jvm.dll+0x712877]
V  [jvm.dll+0x712f43]
V  [jvm.dll+0x23fe78]
V  [jvm.dll+0xb047a]
V  [jvm.dll+0x6ee878]
V  [jvm.dll+0x348309]
V  [jvm.dll+0x6d14e0]
V  [jvm.dll+0x3afe7f]
V  [jvm.dll+0x3b24c1]
C  [jli.dll+0x51fb]
C  [ucrtbase.dll+0x20e72]
C  [KERNEL32.DLL+0x17bd4]
C  [ntdll.dll+0x6ced1]


---------------  P R O C E S S  ---------------

Threads class SMR info:
_java_thread_list=0x000001da06185690, length=0, elements={
}

Java Threads: ( => current thread )

Other Threads:
  0x000001da062c8800 GCTaskThread "GC Thread#0" [stack: 0x0000001638d00000,0x0000001638e00000] [id=7276]
  0x000001da06327800 ConcurrentGCThread "G1 Main Marker" [stack: 0x0000001638e00000,0x0000001638f00000] [id=21880]
  0x000001da06329000 ConcurrentGCThread "G1 Conc#0" [stack: 0x0000001638f00000,0x0000001639000000] [id=5728]
  0x000001da2bd06800 ConcurrentGCThread "G1 Refine#0" [stack: 0x0000001639000000,0x0000001639100000] [id=17992]
  0x000001da2bd08800 ConcurrentGCThread "G1 Young RemSet Sampling" [stack: 0x0000001639100000,0x0000001639200000] [id=16852]

=>0x000001da062b0800 (exited) JavaThread "Unknown thread" [_thread_in_vm, id=1624, stack(0x0000001638c00000,0x0000001638d00000)]

Threads with active compile tasks:

VM state:not at safepoint (not fully initialized)

VM Mutex/Monitor currently owned by a thread: None

Heap address: 0x0000000701800000, size: 4072 MB, Compressed Oops mode: Zero based, Oop shift amount: 3
Narrow klass base: 0x0000000800000000, Narrow klass shift: 0
Compressed class space size: 1073741824 Address: 0x0000000800000000

GC Heap History (0 events):
No events

Deoptimization events (0 events):
No events

Classes redefined (0 events):
No events

Internal exceptions (0 events):
No events

Events (2 events):
Event: 0.009 Loaded shared library C:\Program Files\AdoptOpenJDK\jdk-11.0.6.10-hotspot\bin\zip.dll
Event: 0.010 Loaded shared library C:\Program Files\AdoptOpenJDK\jdk-11.0.6.10-hotspot\bin\jimage.dll


Dynamic libraries:
0x00007ff7c01c0000 - 0x00007ff7c01cd000 	C:\Program Files\AdoptOpenJDK\jdk-11.0.6.10-hotspot\bin\java.exe
0x00007ff9ab420000 - 0x00007ff9ab610000 	C:\WINDOWS\SYSTEM32\ntdll.dll
0x00007ff9a3950000 - 0x00007ff9a3964000 	D:\Joey M\Programs\Avast\aswhook.dll
0x00007ff9aa020000 - 0x00007ff9aa0d2000 	C:\WINDOWS\System32\KERNEL32.DLL
0x00007ff9a89b0000 - 0x00007ff9a8c53000 	C:\WINDOWS\System32\KERNELBASE.dll
0x00007ff9a8660000 - 0x00007ff9a875a000 	C:\WINDOWS\System32\ucrtbase.dll
0x00007ff994dc0000 - 0x00007ff994dd7000 	C:\Program Files\AdoptOpenJDK\jdk-11.0.6.10-hotspot\bin\jli.dll
0x00007ff9aafe0000 - 0x00007ff9ab174000 	C:\WINDOWS\System32\USER32.dll
0x00007ff9a8d00000 - 0x00007ff9a8d21000 	C:\WINDOWS\System32\win32u.dll
0x00007ff9aa180000 - 0x00007ff9aa1a6000 	C:\WINDOWS\System32\GDI32.dll
0x00007ff9a8810000 - 0x00007ff9a89a4000 	C:\WINDOWS\System32\gdi32full.dll
0x00007ff9a8c60000 - 0x00007ff9a8cfe000 	C:\WINDOWS\System32\msvcp_win.dll
0x00007ff988cf0000 - 0x00007ff988d06000 	C:\Program Files\AdoptOpenJDK\jdk-11.0.6.10-hotspot\bin\VCRUNTIME140.dll
0x00007ff995ea0000 - 0x00007ff996125000 	C:\WINDOWS\WinSxS\amd64_microsoft.windows.common-controls_6595b64144ccf1df_6.0.18362.592_none_e6c0b1911312be02\COMCTL32.dll
0x00007ff9a9790000 - 0x00007ff9a982e000 	C:\WINDOWS\System32\msvcrt.dll
0x00007ff9aaaf0000 - 0x00007ff9aae26000 	C:\WINDOWS\System32\combase.dll
0x00007ff9aa7c0000 - 0x00007ff9aa8e0000 	C:\WINDOWS\System32\RPCRT4.dll
0x00007ff9a83b0000 - 0x00007ff9a8430000 	C:\WINDOWS\System32\bcryptPrimitives.dll
0x00007ff9ab250000 - 0x00007ff9ab27e000 	C:\WINDOWS\System32\IMM32.DLL
0x00007ff96f690000 - 0x00007ff96f72b000 	C:\Program Files\AdoptOpenJDK\jdk-11.0.6.10-hotspot\bin\msvcp140.dll
0x00007ff955380000 - 0x00007ff955e3c000 	C:\Program Files\AdoptOpenJDK\jdk-11.0.6.10-hotspot\bin\server\jvm.dll
0x00007ff9ab1a0000 - 0x00007ff9ab243000 	C:\WINDOWS\System32\ADVAPI32.dll
0x00007ff9aa0e0000 - 0x00007ff9aa177000 	C:\WINDOWS\System32\sechost.dll
0x00007ff9aa010000 - 0x00007ff9aa018000 	C:\WINDOWS\System32\PSAPI.DLL
0x00007ff9a6de0000 - 0x00007ff9a6de9000 	C:\WINDOWS\SYSTEM32\WSOCK32.dll
0x00007ff9aae30000 - 0x00007ff9aae9f000 	C:\WINDOWS\System32\WS2_32.dll
0x00007ff9a5510000 - 0x00007ff9a5534000 	C:\WINDOWS\SYSTEM32\WINMM.dll
0x00007ff99fa00000 - 0x00007ff99fa0a000 	C:\WINDOWS\SYSTEM32\VERSION.dll
0x00007ff9a54e0000 - 0x00007ff9a550d000 	C:\WINDOWS\SYSTEM32\WINMMBASE.dll
0x00007ff9a8430000 - 0x00007ff9a847a000 	C:\WINDOWS\System32\cfgmgr32.dll
0x00007ff9a8390000 - 0x00007ff9a83a1000 	C:\WINDOWS\System32\kernel.appcore.dll
0x00007ff999970000 - 0x00007ff999980000 	C:\Program Files\AdoptOpenJDK\jdk-11.0.6.10-hotspot\bin\verify.dll
0x00007ff9a6a70000 - 0x00007ff9a6c64000 	C:\WINDOWS\SYSTEM32\DBGHELP.DLL
0x00007ff99d9a0000 - 0x00007ff99d9ca000 	C:\WINDOWS\SYSTEM32\dbgcore.DLL
0x00007ff982400000 - 0x00007ff982428000 	C:\Program Files\AdoptOpenJDK\jdk-11.0.6.10-hotspot\bin\java.dll
0x00007ff96fe70000 - 0x00007ff96fea8000 	C:\Program Files\AdoptOpenJDK\jdk-11.0.6.10-hotspot\bin\jdwp.dll
0x00007ff984980000 - 0x00007ff984997000 	C:\Program Files\AdoptOpenJDK\jdk-11.0.6.10-hotspot\bin\zip.dll
0x00007ff996290000 - 0x00007ff99629a000 	C:\Program Files\AdoptOpenJDK\jdk-11.0.6.10-hotspot\bin\jimage.dll

dbghelp: loaded successfully - version: 4.0.5 - missing functions: none
symbol engine: initialized successfully - sym options: 0x614 - pdb path: .;C:\Program Files\AdoptOpenJDK\jdk-11.0.6.10-hotspot\bin;C:\WINDOWS\SYSTEM32;D:\Joey M\Programs\Avast;C:\WINDOWS\WinSxS\amd64_microsoft.windows.common-controls_6595b64144ccf1df_6.0.18362.592_none_e6c0b1911312be02;C:\Program Files\AdoptOpenJDK\jdk-11.0.6.10-hotspot\bin\server

VM Arguments:
jvm_args: -agentlib:jdwp=transport=dt_socket,server=n,suspend=y,address=localhost:64298 -Dfile.encoding=UTF-8 
java_command: nl.hanze.hexagoons.dataprocessor.Runner
java_class_path (initial): C:\Users\JOEYM~1.BEH\AppData\Local\Temp\cp_burcgpvdq69l1odrcrajjcluo.jar
Launcher Type: SUN_STANDARD

[Global flags]
     intx CICompilerCount                          = 4                                         {product} {ergonomic}
     uint ConcGCThreads                            = 2                                         {product} {ergonomic}
     uint G1ConcRefinementThreads                  = 8                                         {product} {ergonomic}
   size_t G1HeapRegionSize                         = 1048576                                   {product} {ergonomic}
    uintx GCDrainStackTargetSize                   = 64                                        {product} {ergonomic}
   size_t InitialHeapSize                          = 268435456                                 {product} {ergonomic}
   size_t MarkStackSize                            = 4194304                                   {product} {ergonomic}
   size_t MaxHeapSize                              = 4269801472                                {product} {ergonomic}
   size_t MaxNewSize                               = 2561671168                                {product} {ergonomic}
   size_t MinHeapDeltaBytes                        = 1048576                                   {product} {ergonomic}
    uintx NonNMethodCodeHeapSize                   = 5836300                                {pd product} {ergonomic}
    uintx NonProfiledCodeHeapSize                  = 122910970                              {pd product} {ergonomic}
    uintx ProfiledCodeHeapSize                     = 122910970                              {pd product} {ergonomic}
    uintx ReservedCodeCacheSize                    = 251658240                              {pd product} {ergonomic}
     bool SegmentedCodeCache                       = true                                      {product} {ergonomic}
     bool UseCompressedClassPointers               = true                                 {lp64_product} {ergonomic}
     bool UseCompressedOops                        = true                                 {lp64_product} {ergonomic}
     bool UseG1GC                                  = true                                      {product} {ergonomic}
     bool UseLargePagesIndividualAllocation        = false                                  {pd product} {ergonomic}

Logging:
Log output configuration:
 #0: stdout all=warning uptime,level,tags
 #1: stderr all=off uptime,level,tags

Environment Variables:
JAVA_HOME=C:\Program Files\AdoptOpenJDK\jdk-11.0.6.10-hotspot\
PATH=C:\Program Files\AdoptOpenJDK\jdk-11.0.6.10-hotspot\bin;C:\Program Files (x86)\Common Files\Oracle\Java\javapath;C:\ProgramData\Oracle\Java\javapath;C:\Program Files (x86)\Intel\iCLS Client\;C:\Program Files\Intel\iCLS Client\;C:\Windows\system32;C:\Windows;C:\Windows\System32\Wbem;C:\Windows\System32\WindowsPowerShell\v1.0\;C:\Program Files (x86)\Intel\Intel(R) Management Engine Components\DAL;C:\Program Files\Intel\Intel(R) Management Engine Components\DAL;C:\Program Files (x86)\Intel\Intel(R) Management Engine Components\IPT;C:\Program Files\Intel\Intel(R) Management Engine Components\IPT;C:\Users\Joey M. Behrens\.dnx\bin;C:\Program Files\Microsoft DNX\Dnvm\;C:\Program Files\Microsoft SQL Server\130\Tools\Binn\;D:\Joey M\Programs\Git\cmd;C:\Program Files (x86)\GtkSharp\2.12\bin;C:\WINDOWS\system32;C:\WINDOWS;C:\WINDOWS\System32\Wbem;C:\WINDOWS\System32\WindowsPowerShell\v1.0\;D:\Joey M\Programs\PuTTY\;D:\Joey M\Programs\erl8.3\bin;C:\Users\Joey M. Behrens\.mix\escripts;C:\Program Files\Intel\WiFi\bin\;D:\Joey M\Programs\qemu;D:\Joey M\Programs\TortoiseSVN\bin;C:\Program Files (x86)\NVIDIA Corporation\PhysX\Common;F:\xampp\php;C:\ProgramData\ComposerSetup\bin;C:\WINDOWS\system32;C:\WINDOWS;C:\WINDOWS\System32\Wbem;C:\WINDOWS\System32\WindowsPowerShell\v1.0\;C:\Program Files\dotnet\;D:\Go\bin;C:\WINDOWS\System32\OpenSSH\;D:\xampp\php;D:\mysql\mysql-8.0.13-winx64\bin;D:\Cmder;D:\NodeJS\;D:\HashiCrop\Vagrant\bin;D:\erl10.1\bin;D:\Elixir\bin;C:\WINDOWS\system32\config\systemprofile\.mix\escripts;C:\Program Files (x86)\Calibre2\;D:\RailsInstaller\Ruby2.3.3\bin;C:\Users\Joey M. Behrens\AppData\Local\Programs\Python\Python36-32\Scripts\;C:\Users\Joey M. Behrens\AppData\Local\Programs\Python\Python36-32\;D:\GNAT\bin;D:\Joey M\Programs\GtkAda\bin;C:\Users\Joey M. Behrens\.cargo\bin;C:\Users\Joey M. Behrens\AppData\Local\Microsoft\WindowsApps;C:\MinGW\bin;C:\Users\Joey M. Behrens\AppData\Local\Microsoft\WindowsApps;D:\Joey M\Programs\CMake\bin;C:\Users\Joey M. Behrens\App
USERNAME=Joey Behrens
OS=Windows_NT
PROCESSOR_IDENTIFIER=Intel64 Family 6 Model 94 Stepping 3, GenuineIntel



---------------  S Y S T E M  ---------------

OS: Windows 10 , 64 bit Build 18362 (10.0.18362.329)

CPU:total 8 (initial active 8) (4 cores per cpu, 2 threads per core) family 6 model 94 stepping 3, cmov, cx8, fxsr, mmx, sse, sse2, sse3, ssse3, sse4.1, sse4.2, popcnt, avx, avx2, aes, clmul, erms, rtm, 3dnowpref, lzcnt, ht, tsc, tscinvbit, bmi1, bmi2, adx, fma

Memory: 4k page, system-wide physical 16282M (3270M free)
TotalPageFile size 21777M (AvailPageFile size 1M)
current process WorkingSet (physical memory assigned to process): 21M, peak: 21M
current process commit charge ("private bytes"): 328M, peak: 328M

vm_info: OpenJDK 64-Bit Server VM (11.0.6+10) for windows-amd64 JRE (11.0.6+10), built on Jan 15 2020 06:14:58 by "" with MS VC++ 15.8 (VS2017)

END.
