#
# There is insufficient memory for the Java Runtime Environment to continue.
# Native memory allocation (malloc) failed to allocate 2864496 bytes for Chunk::new
# Possible reasons:
#   The system is out of physical RAM or swap space
#   The process is running with CompressedOops enabled, and the Java Heap may be blocking the growth of the native heap
# Possible solutions:
#   Reduce memory load on the system
#   Increase physical memory or swap space
#   Check if swap backing store is full
#   Decrease Java heap size (-Xmx/-Xms)
#   Decrease number of Java threads
#   Decrease Java thread stack sizes (-Xss)
#   Set larger code cache with -XX:ReservedCodeCacheSize=
#   JVM is running with Zero Based Compressed Oops mode in which the Java heap is
#     placed in the first 32GB address space. The Java Heap base address is the
#     maximum limit for the native heap growth. Please use -XX:HeapBaseMinAddress
#     to set the Java Heap base and to place the Java Heap above 32GB virtual address.
# This output file may be truncated or incomplete.
#
#  Out of Memory Error (c:/cygwin64/tmp/openjdk-jdk11u-windows-x64-hotspot/workspace/build/src/src/hotspot/share/memory/arena.cpp:197), pid=24444, tid=23952
#
# JRE version: OpenJDK Runtime Environment (11.0.6+10) (build 11.0.6+10)
# Java VM: OpenJDK 64-Bit Server VM (11.0.6+10, mixed mode, tiered, compressed oops, g1 gc, windows-amd64)
# No core dump will be written. Minidumps are not enabled by default on client versions of Windows
#

---------------  S U M M A R Y ------------

Command Line: D:\projects\Java\dataprocessor\server\UnwdmiGenerator-2.1.jar

Host: Intel(R) Core(TM) i7-6700HQ CPU @ 2.60GHz, 8 cores, 15G,  Windows 10 , 64 bit Build 18362 (10.0.18362.329)
Time: Sun Jan 26 19:09:10 2020 West-Europa (standaardtijd) elapsed time: 1 seconds (0d 0h 0m 1s)

---------------  T H R E A D  ---------------

Current thread (0x000001fe0cad9800):  JavaThread "C2 CompilerThread0" daemon [_thread_in_native, id=23952, stack(0x000000f42f700000,0x000000f42f800000)]


Current CompileTask:
C2:   1641  699       4       java.util.regex.Pattern$BmpCharProperty::match (55 bytes)

Stack: [0x000000f42f700000,0x000000f42f800000]
Native frames: (J=compiled Java code, j=interpreted, Vv=VM code, C=native code)
V  [jvm.dll+0x5db25a]
V  [jvm.dll+0x7111de]
V  [jvm.dll+0x712877]
V  [jvm.dll+0x712f43]
V  [jvm.dll+0x23fe78]
V  [jvm.dll+0xb8f0c]
V  [jvm.dll+0xb949c]
V  [jvm.dll+0x342897]
V  [jvm.dll+0x192d51]
V  [jvm.dll+0x1f9e52]
V  [jvm.dll+0x1f8eff]
V  [jvm.dll+0x17d96c]
V  [jvm.dll+0x2080b7]
V  [jvm.dll+0x20639b]
V  [jvm.dll+0x6d70bc]
V  [jvm.dll+0x6d01ec]
V  [jvm.dll+0x5da1e6]
C  [ucrtbase.dll+0x20e72]
C  [KERNEL32.DLL+0x17bd4]
C  [ntdll.dll+0x6ced1]


---------------  P R O C E S S  ---------------

Threads class SMR info:
_java_thread_list=0x000001fe0d224fb0, length=14, elements={
0x000001fe684ff800, 0x000001fe0c1af800, 0x000001fe0c1b9000, 0x000001fe0cad6800,
0x000001fe0cad8800, 0x000001fe0cad9800, 0x000001fe0cae6800, 0x000001fe0ca8a000,
0x000001fe0cc69800, 0x000001fe0cc6d800, 0x000001fe0d399800, 0x000001fe0d39a800,
0x000001fe0dd62800, 0x000001fe0e292000
}

Java Threads: ( => current thread )
  0x000001fe684ff800 JavaThread "main" [_thread_in_Java, id=20520, stack(0x000000f42ec00000,0x000000f42ed00000)]
  0x000001fe0c1af800 JavaThread "Reference Handler" daemon [_thread_blocked, id=4668, stack(0x000000f42f300000,0x000000f42f400000)]
  0x000001fe0c1b9000 JavaThread "Finalizer" daemon [_thread_blocked, id=21788, stack(0x000000f42f400000,0x000000f42f500000)]
  0x000001fe0cad6800 JavaThread "Signal Dispatcher" daemon [_thread_blocked, id=4644, stack(0x000000f42f500000,0x000000f42f600000)]
  0x000001fe0cad8800 JavaThread "Attach Listener" daemon [_thread_blocked, id=13016, stack(0x000000f42f600000,0x000000f42f700000)]
=>0x000001fe0cad9800 JavaThread "C2 CompilerThread0" daemon [_thread_in_native, id=23952, stack(0x000000f42f700000,0x000000f42f800000)]
  0x000001fe0cae6800 JavaThread "C1 CompilerThread0" daemon [_thread_blocked, id=22932, stack(0x000000f42f800000,0x000000f42f900000)]
  0x000001fe0ca8a000 JavaThread "Sweeper thread" daemon [_thread_blocked, id=11828, stack(0x000000f42f900000,0x000000f42fa00000)]
  0x000001fe0cc69800 JavaThread "Service Thread" daemon [_thread_blocked, id=25528, stack(0x000000f42fa00000,0x000000f42fb00000)]
  0x000001fe0cc6d800 JavaThread "Common-Cleaner" daemon [_thread_blocked, id=8924, stack(0x000000f42fc00000,0x000000f42fd00000)]
  0x000001fe0d399800 JavaThread "DataLoader-Thread" daemon [_thread_blocked, id=6056, stack(0x000000f42fd00000,0x000000f42fe00000)]
  0x000001fe0d39a800 JavaThread "ClientSelector-Thread" daemon [_thread_in_native, id=18096, stack(0x000000f42fe00000,0x000000f42ff00000)]
  0x000001fe0dd62800 JavaThread "C2 CompilerThread1" daemon [_thread_in_native, id=12944, stack(0x000000f430900000,0x000000f430a00000)]
  0x000001fe0e292000 JavaThread "C2 CompilerThread2" daemon [_thread_in_native, id=25160, stack(0x000000f430a00000,0x000000f430b00000)]

Other Threads:
  0x000001fe0c1ab000 VMThread "VM Thread" [stack: 0x000000f42f200000,0x000000f42f300000] [id=20860]
  0x000001fe0cc6d000 WatcherThread [stack: 0x000000f42fb00000,0x000000f42fc00000] [id=21628]
  0x000001fe68516800 GCTaskThread "GC Thread#0" [stack: 0x000000f42ed00000,0x000000f42ee00000] [id=12120]
  0x000001fe0d465800 GCTaskThread "GC Thread#1" [stack: 0x000000f42ff00000,0x000000f430000000] [id=3684]
  0x000001fe0d506000 GCTaskThread "GC Thread#2" [stack: 0x000000f430000000,0x000000f430100000] [id=16936]
  0x000001fe0d702800 GCTaskThread "GC Thread#3" [stack: 0x000000f430100000,0x000000f430200000] [id=10600]
  0x000001fe0d49b800 GCTaskThread "GC Thread#4" [stack: 0x000000f430200000,0x000000f430300000] [id=22004]
  0x000001fe0d49c000 GCTaskThread "GC Thread#5" [stack: 0x000000f430300000,0x000000f430400000] [id=18128]
  0x000001fe68576000 ConcurrentGCThread "G1 Main Marker" [stack: 0x000000f42ee00000,0x000000f42ef00000] [id=18868]
  0x000001fe68577800 ConcurrentGCThread "G1 Conc#0" [stack: 0x000000f42ef00000,0x000000f42f000000] [id=22184]
  0x000001fe0c08d000 ConcurrentGCThread "G1 Refine#0" [stack: 0x000000f42f000000,0x000000f42f100000] [id=12576]
  0x000001fe0cd10800 ConcurrentGCThread "G1 Refine#1" [stack: 0x000000f430400000,0x000000f430500000] [id=20256]
  0x000001fe0d39b000 ConcurrentGCThread "G1 Refine#2" [stack: 0x000000f430500000,0x000000f430600000] [id=1588]
  0x000001fe0d4dd800 ConcurrentGCThread "G1 Refine#3" [stack: 0x000000f430600000,0x000000f430700000] [id=92]
  0x000001fe0d4de000 ConcurrentGCThread "G1 Refine#4" [stack: 0x000000f430700000,0x000000f430800000] [id=23008]
  0x000001fe0d6e5800 ConcurrentGCThread "G1 Refine#5" [stack: 0x000000f430800000,0x000000f430900000] [id=2536]
  0x000001fe0c08f000 ConcurrentGCThread "G1 Young RemSet Sampling" [stack: 0x000000f42f100000,0x000000f42f200000] [id=12328]

Threads with active compile tasks:
C2 CompilerThread0   1695  699       4       java.util.regex.Pattern$BmpCharProperty::match (55 bytes)
C2 CompilerThread1   1695  903       4       businessobject.Station::getSunrise (138 bytes)
C2 CompilerThread2   1695  889       4       net.sourceforge.zmanim.AstronomicalCalendar::getDateFromTime (219 bytes)

VM state:not at safepoint (normal execution)

VM Mutex/Monitor currently owned by a thread: None

Heap address: 0x0000000701800000, size: 4072 MB, Compressed Oops mode: Zero based, Oop shift amount: 3
Narrow klass base: 0x0000000800000000, Narrow klass shift: 0
Compressed class space size: 1073741824 Address: 0x0000000800000000

Heap:
 garbage-first heap   total 262144K, used 79953K [0x0000000701800000, 0x0000000800000000)
  region size 1024K, 56 young (57344K), 3 survivors (3072K)
 Metaspace       used 9375K, capacity 9519K, committed 9600K, reserved 1058816K
  class space    used 832K, capacity 874K, committed 896K, reserved 1048576K
Heap Regions: E=young(eden), S=young(survivor), O=old, HS=humongous(starts), HC=humongous(continues), CS=collection set, F=free, A=archive, TAMS=top-at-mark-start (previous, next)
|   0|0x0000000701800000, 0x0000000701900000, 0x0000000701900000|100%|HS|  |TAMS 0x0000000701800000, 0x0000000701800000| Complete 
|   1|0x0000000701900000, 0x0000000701a00000, 0x0000000701a00000|100%|HC|  |TAMS 0x0000000701900000, 0x0000000701900000| Complete 
|   2|0x0000000701a00000, 0x0000000701b00000, 0x0000000701b00000|100%|HC|  |TAMS 0x0000000701a00000, 0x0000000701a00000| Complete 
|   3|0x0000000701b00000, 0x0000000701c00000, 0x0000000701c00000|100%|HC|  |TAMS 0x0000000701b00000, 0x0000000701b00000| Complete 
|   4|0x0000000701c00000, 0x0000000701d00000, 0x0000000701d00000|100%| O|  |TAMS 0x0000000701c00000, 0x0000000701c00000| Untracked 
|   5|0x0000000701d00000, 0x0000000701e00000, 0x0000000701e00000|100%| O|  |TAMS 0x0000000701d00000, 0x0000000701d00000| Untracked 
|   6|0x0000000701e00000, 0x0000000701f00000, 0x0000000701f00000|100%| O|  |TAMS 0x0000000701e00000, 0x0000000701e00000| Untracked 
|   7|0x0000000701f00000, 0x0000000702000000, 0x0000000702000000|100%| O|  |TAMS 0x0000000701f00000, 0x0000000701f00000| Untracked 
|   8|0x0000000702000000, 0x0000000702100000, 0x0000000702100000|100%| O|  |TAMS 0x0000000702000000, 0x0000000702000000| Untracked 
|   9|0x0000000702100000, 0x0000000702200000, 0x0000000702200000|100%| O|  |TAMS 0x0000000702100000, 0x0000000702100000| Untracked 
|  10|0x0000000702200000, 0x0000000702300000, 0x0000000702300000|100%| O|  |TAMS 0x0000000702200000, 0x0000000702200000| Untracked 
|  11|0x0000000702300000, 0x0000000702400000, 0x0000000702400000|100%| O|  |TAMS 0x0000000702300000, 0x0000000702300000| Untracked 
|  12|0x0000000702400000, 0x0000000702500000, 0x0000000702500000|100%| O|  |TAMS 0x0000000702400000, 0x0000000702400000| Untracked 
|  13|0x0000000702500000, 0x0000000702600000, 0x0000000702600000|100%| O|  |TAMS 0x0000000702500000, 0x0000000702500000| Untracked 
|  14|0x0000000702600000, 0x0000000702700000, 0x0000000702700000|100%| O|  |TAMS 0x0000000702600000, 0x0000000702600000| Untracked 
|  15|0x0000000702700000, 0x0000000702800000, 0x0000000702800000|100%| O|  |TAMS 0x0000000702700000, 0x0000000702700000| Untracked 
|  16|0x0000000702800000, 0x0000000702900000, 0x0000000702900000|100%| O|  |TAMS 0x0000000702800000, 0x0000000702800000| Untracked 
|  17|0x0000000702900000, 0x0000000702a00000, 0x0000000702a00000|100%| O|  |TAMS 0x0000000702900000, 0x0000000702900000| Untracked 
|  18|0x0000000702a00000, 0x0000000702b00000, 0x0000000702b00000|100%| O|  |TAMS 0x0000000702a00000, 0x0000000702a00000| Untracked 
|  19|0x0000000702b00000, 0x0000000702c00000, 0x0000000702c00000|100%| O|  |TAMS 0x0000000702b00000, 0x0000000702b00000| Untracked 
|  20|0x0000000702c00000, 0x0000000702d00000, 0x0000000702d00000|100%| O|  |TAMS 0x0000000702c00000, 0x0000000702c00000| Untracked 
|  21|0x0000000702d00000, 0x0000000702e00000, 0x0000000702e00000|100%| O|  |TAMS 0x0000000702d00000, 0x0000000702d00000| Untracked 
|  22|0x0000000702e00000, 0x0000000702f00000, 0x0000000702f00000|100%| O|  |TAMS 0x0000000702e00000, 0x0000000702e00000| Untracked 
|  23|0x0000000702f00000, 0x0000000702f14600, 0x0000000703000000|  7%| O|  |TAMS 0x0000000702f00000, 0x0000000702f00000| Untracked 
|  24|0x0000000703000000, 0x0000000703000000, 0x0000000703100000|  0%| F|  |TAMS 0x0000000703000000, 0x0000000703000000| Untracked 
|  25|0x0000000703100000, 0x0000000703100000, 0x0000000703200000|  0%| F|  |TAMS 0x0000000703100000, 0x0000000703100000| Untracked 
|  26|0x0000000703200000, 0x0000000703200000, 0x0000000703300000|  0%| F|  |TAMS 0x0000000703200000, 0x0000000703200000| Untracked 
|  27|0x0000000703300000, 0x0000000703300000, 0x0000000703400000|  0%| F|  |TAMS 0x0000000703300000, 0x0000000703300000| Untracked 
|  28|0x0000000703400000, 0x0000000703400000, 0x0000000703500000|  0%| F|  |TAMS 0x0000000703400000, 0x0000000703400000| Untracked 
|  29|0x0000000703500000, 0x0000000703500000, 0x0000000703600000|  0%| F|  |TAMS 0x0000000703500000, 0x0000000703500000| Untracked 
|  30|0x0000000703600000, 0x0000000703600000, 0x0000000703700000|  0%| F|  |TAMS 0x0000000703600000, 0x0000000703600000| Untracked 
|  31|0x0000000703700000, 0x0000000703700000, 0x0000000703800000|  0%| F|  |TAMS 0x0000000703700000, 0x0000000703700000| Untracked 
|  32|0x0000000703800000, 0x0000000703800000, 0x0000000703900000|  0%| F|  |TAMS 0x0000000703800000, 0x0000000703800000| Untracked 
|  33|0x0000000703900000, 0x0000000703900000, 0x0000000703a00000|  0%| F|  |TAMS 0x0000000703900000, 0x0000000703900000| Untracked 
|  34|0x0000000703a00000, 0x0000000703a00000, 0x0000000703b00000|  0%| F|  |TAMS 0x0000000703a00000, 0x0000000703a00000| Untracked 
|  35|0x0000000703b00000, 0x0000000703b00000, 0x0000000703c00000|  0%| F|  |TAMS 0x0000000703b00000, 0x0000000703b00000| Untracked 
|  36|0x0000000703c00000, 0x0000000703c00000, 0x0000000703d00000|  0%| F|  |TAMS 0x0000000703c00000, 0x0000000703c00000| Untracked 
|  37|0x0000000703d00000, 0x0000000703d00000, 0x0000000703e00000|  0%| F|  |TAMS 0x0000000703d00000, 0x0000000703d00000| Untracked 
|  38|0x0000000703e00000, 0x0000000703e00000, 0x0000000703f00000|  0%| F|  |TAMS 0x0000000703e00000, 0x0000000703e00000| Untracked 
|  39|0x0000000703f00000, 0x0000000703f00000, 0x0000000704000000|  0%| F|  |TAMS 0x0000000703f00000, 0x0000000703f00000| Untracked 
|  40|0x0000000704000000, 0x0000000704000000, 0x0000000704100000|  0%| F|  |TAMS 0x0000000704000000, 0x0000000704000000| Untracked 
|  41|0x0000000704100000, 0x0000000704100000, 0x0000000704200000|  0%| F|  |TAMS 0x0000000704100000, 0x0000000704100000| Untracked 
|  42|0x0000000704200000, 0x0000000704200000, 0x0000000704300000|  0%| F|  |TAMS 0x0000000704200000, 0x0000000704200000| Untracked 
|  43|0x0000000704300000, 0x0000000704300000, 0x0000000704400000|  0%| F|  |TAMS 0x0000000704300000, 0x0000000704300000| Untracked 
|  44|0x0000000704400000, 0x0000000704400000, 0x0000000704500000|  0%| F|  |TAMS 0x0000000704400000, 0x0000000704400000| Untracked 
|  45|0x0000000704500000, 0x0000000704500000, 0x0000000704600000|  0%| F|  |TAMS 0x0000000704500000, 0x0000000704500000| Untracked 
|  46|0x0000000704600000, 0x0000000704600000, 0x0000000704700000|  0%| F|  |TAMS 0x0000000704600000, 0x0000000704600000| Untracked 
|  47|0x0000000704700000, 0x0000000704700000, 0x0000000704800000|  0%| F|  |TAMS 0x0000000704700000, 0x0000000704700000| Untracked 
|  48|0x0000000704800000, 0x0000000704800000, 0x0000000704900000|  0%| F|  |TAMS 0x0000000704800000, 0x0000000704800000| Untracked 
|  49|0x0000000704900000, 0x0000000704900000, 0x0000000704a00000|  0%| F|  |TAMS 0x0000000704900000, 0x0000000704900000| Untracked 
|  50|0x0000000704a00000, 0x0000000704a00000, 0x0000000704b00000|  0%| F|  |TAMS 0x0000000704a00000, 0x0000000704a00000| Untracked 
|  51|0x0000000704b00000, 0x0000000704b00000, 0x0000000704c00000|  0%| F|  |TAMS 0x0000000704b00000, 0x0000000704b00000| Untracked 
|  52|0x0000000704c00000, 0x0000000704c00000, 0x0000000704d00000|  0%| F|  |TAMS 0x0000000704c00000, 0x0000000704c00000| Untracked 
|  53|0x0000000704d00000, 0x0000000704d00000, 0x0000000704e00000|  0%| F|  |TAMS 0x0000000704d00000, 0x0000000704d00000| Untracked 
|  54|0x0000000704e00000, 0x0000000704e00000, 0x0000000704f00000|  0%| F|  |TAMS 0x0000000704e00000, 0x0000000704e00000| Untracked 
|  55|0x0000000704f00000, 0x0000000704f00000, 0x0000000705000000|  0%| F|  |TAMS 0x0000000704f00000, 0x0000000704f00000| Untracked 
|  56|0x0000000705000000, 0x0000000705000000, 0x0000000705100000|  0%| F|  |TAMS 0x0000000705000000, 0x0000000705000000| Untracked 
|  57|0x0000000705100000, 0x0000000705100000, 0x0000000705200000|  0%| F|  |TAMS 0x0000000705100000, 0x0000000705100000| Untracked 
|  58|0x0000000705200000, 0x0000000705200000, 0x0000000705300000|  0%| F|  |TAMS 0x0000000705200000, 0x0000000705200000| Untracked 
|  59|0x0000000705300000, 0x0000000705300000, 0x0000000705400000|  0%| F|  |TAMS 0x0000000705300000, 0x0000000705300000| Untracked 
|  60|0x0000000705400000, 0x0000000705400000, 0x0000000705500000|  0%| F|  |TAMS 0x0000000705400000, 0x0000000705400000| Untracked 
|  61|0x0000000705500000, 0x0000000705500000, 0x0000000705600000|  0%| F|  |TAMS 0x0000000705500000, 0x0000000705500000| Untracked 
|  62|0x0000000705600000, 0x0000000705600000, 0x0000000705700000|  0%| F|  |TAMS 0x0000000705600000, 0x0000000705600000| Untracked 
|  63|0x0000000705700000, 0x0000000705700000, 0x0000000705800000|  0%| F|  |TAMS 0x0000000705700000, 0x0000000705700000| Untracked 
|  64|0x0000000705800000, 0x0000000705800000, 0x0000000705900000|  0%| F|  |TAMS 0x0000000705800000, 0x0000000705800000| Untracked 
|  65|0x0000000705900000, 0x0000000705900000, 0x0000000705a00000|  0%| F|  |TAMS 0x0000000705900000, 0x0000000705900000| Untracked 
|  66|0x0000000705a00000, 0x0000000705a00000, 0x0000000705b00000|  0%| F|  |TAMS 0x0000000705a00000, 0x0000000705a00000| Untracked 
|  67|0x0000000705b00000, 0x0000000705b00000, 0x0000000705c00000|  0%| F|  |TAMS 0x0000000705b00000, 0x0000000705b00000| Untracked 
|  68|0x0000000705c00000, 0x0000000705c00000, 0x0000000705d00000|  0%| F|  |TAMS 0x0000000705c00000, 0x0000000705c00000| Untracked 
|  69|0x0000000705d00000, 0x0000000705d00000, 0x0000000705e00000|  0%| F|  |TAMS 0x0000000705d00000, 0x0000000705d00000| Untracked 
|  70|0x0000000705e00000, 0x0000000705e00000, 0x0000000705f00000|  0%| F|  |TAMS 0x0000000705e00000, 0x0000000705e00000| Untracked 
|  71|0x0000000705f00000, 0x0000000705f00000, 0x0000000706000000|  0%| F|  |TAMS 0x0000000705f00000, 0x0000000705f00000| Untracked 
|  72|0x0000000706000000, 0x0000000706000000, 0x0000000706100000|  0%| F|  |TAMS 0x0000000706000000, 0x0000000706000000| Untracked 
|  73|0x0000000706100000, 0x0000000706100000, 0x0000000706200000|  0%| F|  |TAMS 0x0000000706100000, 0x0000000706100000| Untracked 
|  74|0x0000000706200000, 0x0000000706200000, 0x0000000706300000|  0%| F|  |TAMS 0x0000000706200000, 0x0000000706200000| Untracked 
|  75|0x0000000706300000, 0x0000000706300000, 0x0000000706400000|  0%| F|  |TAMS 0x0000000706300000, 0x0000000706300000| Untracked 
|  76|0x0000000706400000, 0x0000000706400000, 0x0000000706500000|  0%| F|  |TAMS 0x0000000706400000, 0x0000000706400000| Untracked 
|  77|0x0000000706500000, 0x0000000706500000, 0x0000000706600000|  0%| F|  |TAMS 0x0000000706500000, 0x0000000706500000| Untracked 
|  78|0x0000000706600000, 0x0000000706600000, 0x0000000706700000|  0%| F|  |TAMS 0x0000000706600000, 0x0000000706600000| Untracked 
|  79|0x0000000706700000, 0x0000000706700000, 0x0000000706800000|  0%| F|  |TAMS 0x0000000706700000, 0x0000000706700000| Untracked 
|  80|0x0000000706800000, 0x0000000706800000, 0x0000000706900000|  0%| F|  |TAMS 0x0000000706800000, 0x0000000706800000| Untracked 
|  81|0x0000000706900000, 0x0000000706900000, 0x0000000706a00000|  0%| F|  |TAMS 0x0000000706900000, 0x0000000706900000| Untracked 
|  82|0x0000000706a00000, 0x0000000706a00000, 0x0000000706b00000|  0%| F|  |TAMS 0x0000000706a00000, 0x0000000706a00000| Untracked 
|  83|0x0000000706b00000, 0x0000000706b00000, 0x0000000706c00000|  0%| F|  |TAMS 0x0000000706b00000, 0x0000000706b00000| Untracked 
|  84|0x0000000706c00000, 0x0000000706c00000, 0x0000000706d00000|  0%| F|  |TAMS 0x0000000706c00000, 0x0000000706c00000| Untracked 
|  85|0x0000000706d00000, 0x0000000706d00000, 0x0000000706e00000|  0%| F|  |TAMS 0x0000000706d00000, 0x0000000706d00000| Untracked 
|  86|0x0000000706e00000, 0x0000000706e00000, 0x0000000706f00000|  0%| F|  |TAMS 0x0000000706e00000, 0x0000000706e00000| Untracked 
|  87|0x0000000706f00000, 0x0000000706f00000, 0x0000000707000000|  0%| F|  |TAMS 0x0000000706f00000, 0x0000000706f00000| Untracked 
|  88|0x0000000707000000, 0x0000000707000000, 0x0000000707100000|  0%| F|  |TAMS 0x0000000707000000, 0x0000000707000000| Untracked 
|  89|0x0000000707100000, 0x0000000707100000, 0x0000000707200000|  0%| F|  |TAMS 0x0000000707100000, 0x0000000707100000| Untracked 
|  90|0x0000000707200000, 0x0000000707200000, 0x0000000707300000|  0%| F|  |TAMS 0x0000000707200000, 0x0000000707200000| Untracked 
|  91|0x0000000707300000, 0x0000000707300000, 0x0000000707400000|  0%| F|  |TAMS 0x0000000707300000, 0x0000000707300000| Untracked 
|  92|0x0000000707400000, 0x0000000707400000, 0x0000000707500000|  0%| F|  |TAMS 0x0000000707400000, 0x0000000707400000| Untracked 
|  93|0x0000000707500000, 0x0000000707500000, 0x0000000707600000|  0%| F|  |TAMS 0x0000000707500000, 0x0000000707500000| Untracked 
|  94|0x0000000707600000, 0x0000000707600000, 0x0000000707700000|  0%| F|  |TAMS 0x0000000707600000, 0x0000000707600000| Untracked 
|  95|0x0000000707700000, 0x0000000707700000, 0x0000000707800000|  0%| F|  |TAMS 0x0000000707700000, 0x0000000707700000| Untracked 
|  96|0x0000000707800000, 0x0000000707800000, 0x0000000707900000|  0%| F|  |TAMS 0x0000000707800000, 0x0000000707800000| Untracked 
|  97|0x0000000707900000, 0x0000000707900000, 0x0000000707a00000|  0%| F|  |TAMS 0x0000000707900000, 0x0000000707900000| Untracked 
|  98|0x0000000707a00000, 0x0000000707a00000, 0x0000000707b00000|  0%| F|  |TAMS 0x0000000707a00000, 0x0000000707a00000| Untracked 
|  99|0x0000000707b00000, 0x0000000707b00000, 0x0000000707c00000|  0%| F|  |TAMS 0x0000000707b00000, 0x0000000707b00000| Untracked 
| 100|0x0000000707c00000, 0x0000000707c00000, 0x0000000707d00000|  0%| F|  |TAMS 0x0000000707c00000, 0x0000000707c00000| Untracked 
| 101|0x0000000707d00000, 0x0000000707d00000, 0x0000000707e00000|  0%| F|  |TAMS 0x0000000707d00000, 0x0000000707d00000| Untracked 
| 102|0x0000000707e00000, 0x0000000707e00000, 0x0000000707f00000|  0%| F|  |TAMS 0x0000000707e00000, 0x0000000707e00000| Untracked 
| 103|0x0000000707f00000, 0x0000000707f00000, 0x0000000708000000|  0%| F|  |TAMS 0x0000000707f00000, 0x0000000707f00000| Untracked 
| 104|0x0000000708000000, 0x0000000708000000, 0x0000000708100000|  0%| F|  |TAMS 0x0000000708000000, 0x0000000708000000| Untracked 
| 105|0x0000000708100000, 0x0000000708100000, 0x0000000708200000|  0%| F|  |TAMS 0x0000000708100000, 0x0000000708100000| Untracked 
| 106|0x0000000708200000, 0x0000000708200000, 0x0000000708300000|  0%| F|  |TAMS 0x0000000708200000, 0x0000000708200000| Untracked 
| 107|0x0000000708300000, 0x0000000708300000, 0x0000000708400000|  0%| F|  |TAMS 0x0000000708300000, 0x0000000708300000| Untracked 
| 108|0x0000000708400000, 0x0000000708400000, 0x0000000708500000|  0%| F|  |TAMS 0x0000000708400000, 0x0000000708400000| Untracked 
| 109|0x0000000708500000, 0x0000000708500000, 0x0000000708600000|  0%| F|  |TAMS 0x0000000708500000, 0x0000000708500000| Untracked 
| 110|0x0000000708600000, 0x0000000708600000, 0x0000000708700000|  0%| F|  |TAMS 0x0000000708600000, 0x0000000708600000| Untracked 
| 111|0x0000000708700000, 0x0000000708700000, 0x0000000708800000|  0%| F|  |TAMS 0x0000000708700000, 0x0000000708700000| Untracked 
| 112|0x0000000708800000, 0x0000000708800000, 0x0000000708900000|  0%| F|  |TAMS 0x0000000708800000, 0x0000000708800000| Untracked 
| 113|0x0000000708900000, 0x0000000708900000, 0x0000000708a00000|  0%| F|  |TAMS 0x0000000708900000, 0x0000000708900000| Untracked 
| 114|0x0000000708a00000, 0x0000000708a00000, 0x0000000708b00000|  0%| F|  |TAMS 0x0000000708a00000, 0x0000000708a00000| Untracked 
| 115|0x0000000708b00000, 0x0000000708b00000, 0x0000000708c00000|  0%| F|  |TAMS 0x0000000708b00000, 0x0000000708b00000| Untracked 
| 116|0x0000000708c00000, 0x0000000708c00000, 0x0000000708d00000|  0%| F|  |TAMS 0x0000000708c00000, 0x0000000708c00000| Untracked 
| 117|0x0000000708d00000, 0x0000000708d00000, 0x0000000708e00000|  0%| F|  |TAMS 0x0000000708d00000, 0x0000000708d00000| Untracked 
| 118|0x0000000708e00000, 0x0000000708e00000, 0x0000000708f00000|  0%| F|  |TAMS 0x0000000708e00000, 0x0000000708e00000| Untracked 
| 119|0x0000000708f00000, 0x0000000708f00000, 0x0000000709000000|  0%| F|  |TAMS 0x0000000708f00000, 0x0000000708f00000| Untracked 
| 120|0x0000000709000000, 0x0000000709000000, 0x0000000709100000|  0%| F|  |TAMS 0x0000000709000000, 0x0000000709000000| Untracked 
| 121|0x0000000709100000, 0x0000000709100000, 0x0000000709200000|  0%| F|  |TAMS 0x0000000709100000, 0x0000000709100000| Untracked 
| 122|0x0000000709200000, 0x0000000709200000, 0x0000000709300000|  0%| F|  |TAMS 0x0000000709200000, 0x0000000709200000| Untracked 
| 123|0x0000000709300000, 0x0000000709300000, 0x0000000709400000|  0%| F|  |TAMS 0x0000000709300000, 0x0000000709300000| Untracked 
| 124|0x0000000709400000, 0x0000000709400000, 0x0000000709500000|  0%| F|  |TAMS 0x0000000709400000, 0x0000000709400000| Untracked 
| 125|0x0000000709500000, 0x0000000709500000, 0x0000000709600000|  0%| F|  |TAMS 0x0000000709500000, 0x0000000709500000| Untracked 
| 126|0x0000000709600000, 0x0000000709600000, 0x0000000709700000|  0%| F|  |TAMS 0x0000000709600000, 0x0000000709600000| Untracked 
| 127|0x0000000709700000, 0x0000000709700000, 0x0000000709800000|  0%| F|  |TAMS 0x0000000709700000, 0x0000000709700000| Untracked 
| 128|0x0000000709800000, 0x0000000709800000, 0x0000000709900000|  0%| F|  |TAMS 0x0000000709800000, 0x0000000709800000| Untracked 
| 129|0x0000000709900000, 0x0000000709900000, 0x0000000709a00000|  0%| F|  |TAMS 0x0000000709900000, 0x0000000709900000| Untracked 
| 130|0x0000000709a00000, 0x0000000709a00000, 0x0000000709b00000|  0%| F|  |TAMS 0x0000000709a00000, 0x0000000709a00000| Untracked 
| 131|0x0000000709b00000, 0x0000000709b00000, 0x0000000709c00000|  0%| F|  |TAMS 0x0000000709b00000, 0x0000000709b00000| Untracked 
| 132|0x0000000709c00000, 0x0000000709c00000, 0x0000000709d00000|  0%| F|  |TAMS 0x0000000709c00000, 0x0000000709c00000| Untracked 
| 133|0x0000000709d00000, 0x0000000709d00000, 0x0000000709e00000|  0%| F|  |TAMS 0x0000000709d00000, 0x0000000709d00000| Untracked 
| 134|0x0000000709e00000, 0x0000000709e00000, 0x0000000709f00000|  0%| F|  |TAMS 0x0000000709e00000, 0x0000000709e00000| Untracked 
| 135|0x0000000709f00000, 0x0000000709f00000, 0x000000070a000000|  0%| F|  |TAMS 0x0000000709f00000, 0x0000000709f00000| Untracked 
| 136|0x000000070a000000, 0x000000070a000000, 0x000000070a100000|  0%| F|  |TAMS 0x000000070a000000, 0x000000070a000000| Untracked 
| 137|0x000000070a100000, 0x000000070a100000, 0x000000070a200000|  0%| F|  |TAMS 0x000000070a100000, 0x000000070a100000| Untracked 
| 138|0x000000070a200000, 0x000000070a200000, 0x000000070a300000|  0%| F|  |TAMS 0x000000070a200000, 0x000000070a200000| Untracked 
| 139|0x000000070a300000, 0x000000070a300000, 0x000000070a400000|  0%| F|  |TAMS 0x000000070a300000, 0x000000070a300000| Untracked 
| 140|0x000000070a400000, 0x000000070a400000, 0x000000070a500000|  0%| F|  |TAMS 0x000000070a400000, 0x000000070a400000| Untracked 
| 141|0x000000070a500000, 0x000000070a500000, 0x000000070a600000|  0%| F|  |TAMS 0x000000070a500000, 0x000000070a500000| Untracked 
| 142|0x000000070a600000, 0x000000070a600000, 0x000000070a700000|  0%| F|  |TAMS 0x000000070a600000, 0x000000070a600000| Untracked 
| 143|0x000000070a700000, 0x000000070a700000, 0x000000070a800000|  0%| F|  |TAMS 0x000000070a700000, 0x000000070a700000| Untracked 
| 144|0x000000070a800000, 0x000000070a800000, 0x000000070a900000|  0%| F|  |TAMS 0x000000070a800000, 0x000000070a800000| Untracked 
| 145|0x000000070a900000, 0x000000070a900000, 0x000000070aa00000|  0%| F|  |TAMS 0x000000070a900000, 0x000000070a900000| Untracked 
| 146|0x000000070aa00000, 0x000000070aa00000, 0x000000070ab00000|  0%| F|  |TAMS 0x000000070aa00000, 0x000000070aa00000| Untracked 
| 147|0x000000070ab00000, 0x000000070ab00000, 0x000000070ac00000|  0%| F|  |TAMS 0x000000070ab00000, 0x000000070ab00000| Untracked 
| 148|0x000000070ac00000, 0x000000070ac00000, 0x000000070ad00000|  0%| F|  |TAMS 0x000000070ac00000, 0x000000070ac00000| Untracked 
| 149|0x000000070ad00000, 0x000000070ad00000, 0x000000070ae00000|  0%| F|  |TAMS 0x000000070ad00000, 0x000000070ad00000| Untracked 
| 150|0x000000070ae00000, 0x000000070ae00000, 0x000000070af00000|  0%| F|  |TAMS 0x000000070ae00000, 0x000000070ae00000| Untracked 
| 151|0x000000070af00000, 0x000000070af00000, 0x000000070b000000|  0%| F|  |TAMS 0x000000070af00000, 0x000000070af00000| Untracked 
| 152|0x000000070b000000, 0x000000070b000000, 0x000000070b100000|  0%| F|  |TAMS 0x000000070b000000, 0x000000070b000000| Untracked 
| 153|0x000000070b100000, 0x000000070b100000, 0x000000070b200000|  0%| F|  |TAMS 0x000000070b100000, 0x000000070b100000| Untracked 
| 154|0x000000070b200000, 0x000000070b200000, 0x000000070b300000|  0%| F|  |TAMS 0x000000070b200000, 0x000000070b200000| Untracked 
| 155|0x000000070b300000, 0x000000070b300000, 0x000000070b400000|  0%| F|  |TAMS 0x000000070b300000, 0x000000070b300000| Untracked 
| 156|0x000000070b400000, 0x000000070b400000, 0x000000070b500000|  0%| F|  |TAMS 0x000000070b400000, 0x000000070b400000| Untracked 
| 157|0x000000070b500000, 0x000000070b500000, 0x000000070b600000|  0%| F|  |TAMS 0x000000070b500000, 0x000000070b500000| Untracked 
| 158|0x000000070b600000, 0x000000070b600000, 0x000000070b700000|  0%| F|  |TAMS 0x000000070b600000, 0x000000070b600000| Untracked 
| 159|0x000000070b700000, 0x000000070b700000, 0x000000070b800000|  0%| F|  |TAMS 0x000000070b700000, 0x000000070b700000| Untracked 
| 160|0x000000070b800000, 0x000000070b800000, 0x000000070b900000|  0%| F|  |TAMS 0x000000070b800000, 0x000000070b800000| Untracked 
| 161|0x000000070b900000, 0x000000070b900000, 0x000000070ba00000|  0%| F|  |TAMS 0x000000070b900000, 0x000000070b900000| Untracked 
| 162|0x000000070ba00000, 0x000000070ba00000, 0x000000070bb00000|  0%| F|  |TAMS 0x000000070ba00000, 0x000000070ba00000| Untracked 
| 163|0x000000070bb00000, 0x000000070bb00000, 0x000000070bc00000|  0%| F|  |TAMS 0x000000070bb00000, 0x000000070bb00000| Untracked 
| 164|0x000000070bc00000, 0x000000070bc00000, 0x000000070bd00000|  0%| F|  |TAMS 0x000000070bc00000, 0x000000070bc00000| Untracked 
| 165|0x000000070bd00000, 0x000000070bd00000, 0x000000070be00000|  0%| F|  |TAMS 0x000000070bd00000, 0x000000070bd00000| Untracked 
| 166|0x000000070be00000, 0x000000070be00000, 0x000000070bf00000|  0%| F|  |TAMS 0x000000070be00000, 0x000000070be00000| Untracked 
| 167|0x000000070bf00000, 0x000000070bf00000, 0x000000070c000000|  0%| F|  |TAMS 0x000000070bf00000, 0x000000070bf00000| Untracked 
| 168|0x000000070c000000, 0x000000070c000000, 0x000000070c100000|  0%| F|  |TAMS 0x000000070c000000, 0x000000070c000000| Untracked 
| 169|0x000000070c100000, 0x000000070c100000, 0x000000070c200000|  0%| F|  |TAMS 0x000000070c100000, 0x000000070c100000| Untracked 
| 170|0x000000070c200000, 0x000000070c200000, 0x000000070c300000|  0%| F|  |TAMS 0x000000070c200000, 0x000000070c200000| Untracked 
| 171|0x000000070c300000, 0x000000070c300000, 0x000000070c400000|  0%| F|  |TAMS 0x000000070c300000, 0x000000070c300000| Untracked 
| 172|0x000000070c400000, 0x000000070c400000, 0x000000070c500000|  0%| F|  |TAMS 0x000000070c400000, 0x000000070c400000| Untracked 
| 173|0x000000070c500000, 0x000000070c500000, 0x000000070c600000|  0%| F|  |TAMS 0x000000070c500000, 0x000000070c500000| Untracked 
| 174|0x000000070c600000, 0x000000070c600000, 0x000000070c700000|  0%| F|  |TAMS 0x000000070c600000, 0x000000070c600000| Untracked 
| 175|0x000000070c700000, 0x000000070c700000, 0x000000070c800000|  0%| F|  |TAMS 0x000000070c700000, 0x000000070c700000| Untracked 
| 176|0x000000070c800000, 0x000000070c800000, 0x000000070c900000|  0%| F|  |TAMS 0x000000070c800000, 0x000000070c800000| Untracked 
| 177|0x000000070c900000, 0x000000070c900000, 0x000000070ca00000|  0%| F|  |TAMS 0x000000070c900000, 0x000000070c900000| Untracked 
| 178|0x000000070ca00000, 0x000000070ca00000, 0x000000070cb00000|  0%| F|  |TAMS 0x000000070ca00000, 0x000000070ca00000| Untracked 
| 179|0x000000070cb00000, 0x000000070cb00000, 0x000000070cc00000|  0%| F|  |TAMS 0x000000070cb00000, 0x000000070cb00000| Untracked 
| 180|0x000000070cc00000, 0x000000070cc00000, 0x000000070cd00000|  0%| F|  |TAMS 0x000000070cc00000, 0x000000070cc00000| Untracked 
| 181|0x000000070cd00000, 0x000000070cd00000, 0x000000070ce00000|  0%| F|  |TAMS 0x000000070cd00000, 0x000000070cd00000| Untracked 
| 182|0x000000070ce00000, 0x000000070ce00000, 0x000000070cf00000|  0%| F|  |TAMS 0x000000070ce00000, 0x000000070ce00000| Untracked 
| 183|0x000000070cf00000, 0x000000070cf00000, 0x000000070d000000|  0%| F|  |TAMS 0x000000070cf00000, 0x000000070cf00000| Untracked 
| 184|0x000000070d000000, 0x000000070d000000, 0x000000070d100000|  0%| F|  |TAMS 0x000000070d000000, 0x000000070d000000| Untracked 
| 185|0x000000070d100000, 0x000000070d100000, 0x000000070d200000|  0%| F|  |TAMS 0x000000070d100000, 0x000000070d100000| Untracked 
| 186|0x000000070d200000, 0x000000070d200000, 0x000000070d300000|  0%| F|  |TAMS 0x000000070d200000, 0x000000070d200000| Untracked 
| 187|0x000000070d300000, 0x000000070d300000, 0x000000070d400000|  0%| F|  |TAMS 0x000000070d300000, 0x000000070d300000| Untracked 
| 188|0x000000070d400000, 0x000000070d400000, 0x000000070d500000|  0%| F|  |TAMS 0x000000070d400000, 0x000000070d400000| Untracked 
| 189|0x000000070d500000, 0x000000070d500000, 0x000000070d600000|  0%| F|  |TAMS 0x000000070d500000, 0x000000070d500000| Untracked 
| 190|0x000000070d600000, 0x000000070d600000, 0x000000070d700000|  0%| F|  |TAMS 0x000000070d600000, 0x000000070d600000| Untracked 
| 191|0x000000070d700000, 0x000000070d700000, 0x000000070d800000|  0%| F|  |TAMS 0x000000070d700000, 0x000000070d700000| Untracked 
| 192|0x000000070d800000, 0x000000070d800000, 0x000000070d900000|  0%| F|  |TAMS 0x000000070d800000, 0x000000070d800000| Untracked 
| 193|0x000000070d900000, 0x000000070d900000, 0x000000070da00000|  0%| F|  |TAMS 0x000000070d900000, 0x000000070d900000| Untracked 
| 194|0x000000070da00000, 0x000000070da00000, 0x000000070db00000|  0%| F|  |TAMS 0x000000070da00000, 0x000000070da00000| Untracked 
| 195|0x000000070db00000, 0x000000070db00000, 0x000000070dc00000|  0%| F|  |TAMS 0x000000070db00000, 0x000000070db00000| Untracked 
| 196|0x000000070dc00000, 0x000000070dc00000, 0x000000070dd00000|  0%| F|  |TAMS 0x000000070dc00000, 0x000000070dc00000| Untracked 
| 197|0x000000070dd00000, 0x000000070de00000, 0x000000070de00000|100%| E|  |TAMS 0x000000070dd00000, 0x000000070dd00000| Complete 
| 198|0x000000070de00000, 0x000000070df00000, 0x000000070df00000|100%| E|CS|TAMS 0x000000070de00000, 0x000000070de00000| Complete 
| 199|0x000000070df00000, 0x000000070e000000, 0x000000070e000000|100%| E|CS|TAMS 0x000000070df00000, 0x000000070df00000| Complete 
| 200|0x000000070e000000, 0x000000070e100000, 0x000000070e100000|100%| E|CS|TAMS 0x000000070e000000, 0x000000070e000000| Complete 
| 201|0x000000070e100000, 0x000000070e200000, 0x000000070e200000|100%| E|CS|TAMS 0x000000070e100000, 0x000000070e100000| Complete 
| 202|0x000000070e200000, 0x000000070e300000, 0x000000070e300000|100%| E|CS|TAMS 0x000000070e200000, 0x000000070e200000| Complete 
| 203|0x000000070e300000, 0x000000070e400000, 0x000000070e400000|100%| E|CS|TAMS 0x000000070e300000, 0x000000070e300000| Complete 
| 204|0x000000070e400000, 0x000000070e500000, 0x000000070e500000|100%| E|CS|TAMS 0x000000070e400000, 0x000000070e400000| Complete 
| 205|0x000000070e500000, 0x000000070e600000, 0x000000070e600000|100%| E|CS|TAMS 0x000000070e500000, 0x000000070e500000| Complete 
| 206|0x000000070e600000, 0x000000070e700000, 0x000000070e700000|100%| E|CS|TAMS 0x000000070e600000, 0x000000070e600000| Complete 
| 207|0x000000070e700000, 0x000000070e800000, 0x000000070e800000|100%| E|CS|TAMS 0x000000070e700000, 0x000000070e700000| Complete 
| 208|0x000000070e800000, 0x000000070e900000, 0x000000070e900000|100%| E|CS|TAMS 0x000000070e800000, 0x000000070e800000| Complete 
| 209|0x000000070e900000, 0x000000070ea00000, 0x000000070ea00000|100%| E|CS|TAMS 0x000000070e900000, 0x000000070e900000| Complete 
| 210|0x000000070ea00000, 0x000000070eb00000, 0x000000070eb00000|100%| E|CS|TAMS 0x000000070ea00000, 0x000000070ea00000| Complete 
| 211|0x000000070eb00000, 0x000000070ec00000, 0x000000070ec00000|100%| E|CS|TAMS 0x000000070eb00000, 0x000000070eb00000| Complete 
| 212|0x000000070ec00000, 0x000000070ed00000, 0x000000070ed00000|100%| E|CS|TAMS 0x000000070ec00000, 0x000000070ec00000| Complete 
| 213|0x000000070ed00000, 0x000000070ee00000, 0x000000070ee00000|100%| E|CS|TAMS 0x000000070ed00000, 0x000000070ed00000| Complete 
| 214|0x000000070ee00000, 0x000000070ef00000, 0x000000070ef00000|100%| E|CS|TAMS 0x000000070ee00000, 0x000000070ee00000| Complete 
| 215|0x000000070ef00000, 0x000000070f000000, 0x000000070f000000|100%| E|CS|TAMS 0x000000070ef00000, 0x000000070ef00000| Complete 
| 216|0x000000070f000000, 0x000000070f100000, 0x000000070f100000|100%| E|CS|TAMS 0x000000070f000000, 0x000000070f000000| Complete 
| 217|0x000000070f100000, 0x000000070f200000, 0x000000070f200000|100%| E|CS|TAMS 0x000000070f100000, 0x000000070f100000| Complete 
| 218|0x000000070f200000, 0x000000070f300000, 0x000000070f300000|100%| E|CS|TAMS 0x000000070f200000, 0x000000070f200000| Complete 
| 219|0x000000070f300000, 0x000000070f400000, 0x000000070f400000|100%| E|CS|TAMS 0x000000070f300000, 0x000000070f300000| Complete 
| 220|0x000000070f400000, 0x000000070f500000, 0x000000070f500000|100%| E|CS|TAMS 0x000000070f400000, 0x000000070f400000| Complete 
| 221|0x000000070f500000, 0x000000070f600000, 0x000000070f600000|100%| E|CS|TAMS 0x000000070f500000, 0x000000070f500000| Complete 
| 222|0x000000070f600000, 0x000000070f700000, 0x000000070f700000|100%| E|CS|TAMS 0x000000070f600000, 0x000000070f600000| Complete 
| 223|0x000000070f700000, 0x000000070f800000, 0x000000070f800000|100%| E|CS|TAMS 0x000000070f700000, 0x000000070f700000| Complete 
| 224|0x000000070f800000, 0x000000070f900000, 0x000000070f900000|100%| E|CS|TAMS 0x000000070f800000, 0x000000070f800000| Complete 
| 225|0x000000070f900000, 0x000000070fa00000, 0x000000070fa00000|100%| E|CS|TAMS 0x000000070f900000, 0x000000070f900000| Complete 
| 226|0x000000070fa00000, 0x000000070fb00000, 0x000000070fb00000|100%| E|CS|TAMS 0x000000070fa00000, 0x000000070fa00000| Complete 
| 227|0x000000070fb00000, 0x000000070fc00000, 0x000000070fc00000|100%| E|CS|TAMS 0x000000070fb00000, 0x000000070fb00000| Complete 
| 228|0x000000070fc00000, 0x000000070fd00000, 0x000000070fd00000|100%| E|CS|TAMS 0x000000070fc00000, 0x000000070fc00000| Complete 
| 229|0x000000070fd00000, 0x000000070fe00000, 0x000000070fe00000|100%| S|CS|TAMS 0x000000070fd00000, 0x000000070fd00000| Complete 
| 230|0x000000070fe00000, 0x000000070ff00000, 0x000000070ff00000|100%| S|CS|TAMS 0x000000070fe00000, 0x000000070fe00000| Complete 
| 231|0x000000070ff00000, 0x0000000710000000, 0x0000000710000000|100%| S|CS|TAMS 0x000000070ff00000, 0x000000070ff00000| Complete 
| 232|0x0000000710000000, 0x0000000710100000, 0x0000000710100000|100%| E|CS|TAMS 0x0000000710000000, 0x0000000710000000| Complete 
| 233|0x0000000710100000, 0x0000000710200000, 0x0000000710200000|100%| E|CS|TAMS 0x0000000710100000, 0x0000000710100000| Complete 
| 234|0x0000000710200000, 0x0000000710300000, 0x0000000710300000|100%| E|CS|TAMS 0x0000000710200000, 0x0000000710200000| Complete 
| 235|0x0000000710300000, 0x0000000710400000, 0x0000000710400000|100%| E|CS|TAMS 0x0000000710300000, 0x0000000710300000| Complete 
| 236|0x0000000710400000, 0x0000000710500000, 0x0000000710500000|100%| E|CS|TAMS 0x0000000710400000, 0x0000000710400000| Complete 
| 237|0x0000000710500000, 0x0000000710600000, 0x0000000710600000|100%| E|CS|TAMS 0x0000000710500000, 0x0000000710500000| Complete 
| 238|0x0000000710600000, 0x0000000710700000, 0x0000000710700000|100%| E|CS|TAMS 0x0000000710600000, 0x0000000710600000| Complete 
| 239|0x0000000710700000, 0x0000000710800000, 0x0000000710800000|100%| E|CS|TAMS 0x0000000710700000, 0x0000000710700000| Complete 
| 240|0x0000000710800000, 0x0000000710900000, 0x0000000710900000|100%| E|CS|TAMS 0x0000000710800000, 0x0000000710800000| Complete 
| 241|0x0000000710900000, 0x0000000710a00000, 0x0000000710a00000|100%| E|CS|TAMS 0x0000000710900000, 0x0000000710900000| Complete 
| 242|0x0000000710a00000, 0x0000000710b00000, 0x0000000710b00000|100%| E|CS|TAMS 0x0000000710a00000, 0x0000000710a00000| Complete 
| 243|0x0000000710b00000, 0x0000000710c00000, 0x0000000710c00000|100%| E|CS|TAMS 0x0000000710b00000, 0x0000000710b00000| Complete 
| 244|0x0000000710c00000, 0x0000000710d00000, 0x0000000710d00000|100%| E|CS|TAMS 0x0000000710c00000, 0x0000000710c00000| Complete 
| 245|0x0000000710d00000, 0x0000000710e00000, 0x0000000710e00000|100%| E|CS|TAMS 0x0000000710d00000, 0x0000000710d00000| Complete 
| 246|0x0000000710e00000, 0x0000000710f00000, 0x0000000710f00000|100%| E|CS|TAMS 0x0000000710e00000, 0x0000000710e00000| Complete 
| 247|0x0000000710f00000, 0x0000000711000000, 0x0000000711000000|100%| E|CS|TAMS 0x0000000710f00000, 0x0000000710f00000| Complete 
| 248|0x0000000711000000, 0x0000000711100000, 0x0000000711100000|100%| E|CS|TAMS 0x0000000711000000, 0x0000000711000000| Complete 
| 249|0x0000000711100000, 0x0000000711200000, 0x0000000711200000|100%| E|CS|TAMS 0x0000000711100000, 0x0000000711100000| Complete 
| 250|0x0000000711200000, 0x0000000711300000, 0x0000000711300000|100%| E|CS|TAMS 0x0000000711200000, 0x0000000711200000| Complete 
| 251|0x0000000711300000, 0x0000000711400000, 0x0000000711400000|100%| E|CS|TAMS 0x0000000711300000, 0x0000000711300000| Complete 
| 252|0x0000000711400000, 0x0000000711500000, 0x0000000711500000|100%| E|CS|TAMS 0x0000000711400000, 0x0000000711400000| Complete 
| 253|0x0000000711500000, 0x0000000711600000, 0x0000000711600000|100%| E|CS|TAMS 0x0000000711500000, 0x0000000711500000| Complete 
| 254|0x0000000711600000, 0x0000000711700000, 0x0000000711700000|100%| E|CS|TAMS 0x0000000711600000, 0x0000000711600000| Complete 
| 255|0x0000000711700000, 0x0000000711800000, 0x0000000711800000|100%| E|CS|TAMS 0x0000000711700000, 0x0000000711700000| Complete 

Card table byte_map: [0x000001fe00800000,0x000001fe01000000] _byte_map_base: 0x000001fdfcff4000

Marking Bits (Prev, Next): (CMBitMap*) 0x000001fe68565218, (CMBitMap*) 0x000001fe68565250
 Prev Bits: [0x000001fe01800000, 0x000001fe057a0000)
 Next Bits: [0x000001fe057a0000, 0x000001fe09740000)

Polling page: 0x000001fe67cd0000

Metaspace:

Usage:
  Non-class:      8.44 MB capacity,     8.34 MB ( 99%) used,    94.09 KB (  1%) free+waste,     7.63 KB ( <1%) overhead. 
      Class:    874.00 KB capacity,   832.67 KB ( 95%) used,    38.33 KB (  4%) free+waste,     3.00 KB ( <1%) overhead. 
       Both:      9.30 MB capacity,     9.16 MB ( 98%) used,   132.41 KB (  1%) free+waste,    10.63 KB ( <1%) overhead. 

Virtual space:
  Non-class space:       10.00 MB reserved,       8.50 MB ( 85%) committed 
      Class space:        1.00 GB reserved,     896.00 KB ( <1%) committed 
             Both:        1.01 GB reserved,       9.38 MB ( <1%) committed 

Chunk freelists:
   Non-Class:  59.00 KB
       Class:  22.00 KB
        Both:  81.00 KB

MaxMetaspaceSize: 17179869184.00 GB
CompressedClassSpaceSize: 1.00 GB

CodeHeap 'non-profiled nmethods': size=120000Kb used=399Kb max_used=399Kb free=119600Kb
 bounds [0x000001fe78620000, 0x000001fe78890000, 0x000001fe7fb50000]
CodeHeap 'profiled nmethods': size=120000Kb used=1599Kb max_used=1599Kb free=118400Kb
 bounds [0x000001fe710f0000, 0x000001fe71360000, 0x000001fe78620000]
CodeHeap 'non-nmethods': size=5760Kb used=1088Kb max_used=1119Kb free=4671Kb
 bounds [0x000001fe70b50000, 0x000001fe70dc0000, 0x000001fe710f0000]
 total_blobs=1866 nmethods=898 adapters=297
 compilation: enabled
              stopped_count=0, restarted_count=0
 full_count=0

Compilation events (20 events):
Event: 1.558 Thread 0x000001fe0e292000 nmethod 890 0x000001fe78678990 code [0x000001fe78678d80, 0x000001fe78679790]
Event: 1.558 Thread 0x000001fe0e292000  883       4       java.lang.Math::round (56 bytes)
Event: 1.559 Thread 0x000001fe0e292000 nmethod 883 0x000001fe78679f90 code [0x000001fe7867a120, 0x000001fe7867a1b8]
Event: 1.559 Thread 0x000001fe0e292000  892       4       net.sourceforge.zmanim.util.SunTimesCalculator::getSunTrueLongitude (56 bytes)
Event: 1.560 Thread 0x000001fe0e292000 nmethod 892 0x000001fe7867a210 code [0x000001fe7867a420, 0x000001fe7867a558]
Event: 1.560 Thread 0x000001fe0e292000  886       4       java.util.GregorianCalendar::<init> (60 bytes)
Event: 1.570 Thread 0x000001fe0dd62800 nmethod 882 0x000001fe7867a610 code [0x000001fe7867a820, 0x000001fe7867b270]
Event: 1.570 Thread 0x000001fe0dd62800  887       4       net.sourceforge.zmanim.AstronomicalCalendar::getOffsetTime (69 bytes)
Event: 1.574 Thread 0x000001fe0e292000 nmethod 886 0x000001fe7867b790 code [0x000001fe7867b980, 0x000001fe7867be98]
Event: 1.574 Thread 0x000001fe0e292000  888       4       sun.util.calendar.ZoneInfo::getRawOffset (35 bytes)
Event: 1.574 Thread 0x000001fe0e292000 nmethod 888 0x000001fe7867c110 code [0x000001fe7867c2a0, 0x000001fe7867c338]
Event: 1.574 Thread 0x000001fe0e292000  889       4       net.sourceforge.zmanim.AstronomicalCalendar::getDateFromTime (219 bytes)
Event: 1.578 Thread 0x000001fe0dd62800 nmethod 887 0x000001fe7867c410 code [0x000001fe7867c600, 0x000001fe7867ca88]
Event: 1.579 Thread 0x000001fe0dd62800  891       4       java.util.TimeZone::getDefaultRef (32 bytes)
Event: 1.579 Thread 0x000001fe0dd62800 nmethod 891 0x000001fe7867ce90 code [0x000001fe7867d020, 0x000001fe7867d098]
Event: 1.579 Thread 0x000001fe0dd62800  893       4       net.sourceforge.zmanim.util.SunTimesCalculator::getSunRightAscensionHours (65 bytes)
Event: 1.580 Thread 0x000001fe0cae6800  898       3       net.sourceforge.zmanim.util.SunTimesCalculator::getTimeUTC (166 bytes)
Event: 1.583 Thread 0x000001fe0dd62800 nmethod 893 0x000001fe7867d110 code [0x000001fe7867d3a0, 0x000001fe7867d7c8]
Event: 1.583 Thread 0x000001fe0dd62800  895       4       net.sourceforge.zmanim.util.SunTimesCalculator::getUTCSunrise (83 bytes)
Event: 1.583 Thread 0x000001fe0cae6800 nmethod 898 0x000001fe7127eb90 code [0x000001fe7127ef40, 0x000001fe7127f9a0]

GC Heap History (8 events):
Event: 1.288 GC heap before
{Heap before GC invocations=0 (full 0):
 garbage-first heap   total 262144K, used 27648K [0x0000000701800000, 0x0000000800000000)
  region size 1024K, 24 young (24576K), 0 survivors (0K)
 Metaspace       used 8975K, capacity 9132K, committed 9344K, reserved 1058816K
  class space    used 818K, capacity 874K, committed 896K, reserved 1048576K
}
Event: 1.305 GC heap after
{Heap after GC invocations=1 (full 0):
 garbage-first heap   total 262144K, used 20305K [0x0000000701800000, 0x0000000800000000)
  region size 1024K, 3 young (3072K), 3 survivors (3072K)
 Metaspace       used 8975K, capacity 9132K, committed 9344K, reserved 1058816K
  class space    used 818K, capacity 874K, committed 896K, reserved 1048576K
}
Event: 1.507 GC heap before
{Heap before GC invocations=1 (full 0):
 garbage-first heap   total 262144K, used 34641K [0x0000000701800000, 0x0000000800000000)
  region size 1024K, 17 young (17408K), 3 survivors (3072K)
 Metaspace       used 9375K, capacity 9519K, committed 9600K, reserved 1058816K
  class space    used 832K, capacity 874K, committed 896K, reserved 1048576K
}
Event: 1.513 GC heap after
{Heap after GC invocations=2 (full 0):
 garbage-first heap   total 262144K, used 23376K [0x0000000701800000, 0x0000000800000000)
  region size 1024K, 2 young (2048K), 2 survivors (2048K)
 Metaspace       used 9375K, capacity 9519K, committed 9600K, reserved 1058816K
  class space    used 832K, capacity 874K, committed 896K, reserved 1048576K
}
Event: 1.541 GC heap before
{Heap before GC invocations=2 (full 0):
 garbage-first heap   total 262144K, used 33616K [0x0000000701800000, 0x0000000800000000)
  region size 1024K, 12 young (12288K), 2 survivors (2048K)
 Metaspace       used 9375K, capacity 9519K, committed 9600K, reserved 1058816K
  class space    used 832K, capacity 874K, committed 896K, reserved 1048576K
}
Event: 1.543 GC heap after
{Heap after GC invocations=3 (full 0):
 garbage-first heap   total 262144K, used 24698K [0x0000000701800000, 0x0000000800000000)
  region size 1024K, 2 young (2048K), 2 survivors (2048K)
 Metaspace       used 9375K, capacity 9519K, committed 9600K, reserved 1058816K
  class space    used 832K, capacity 874K, committed 896K, reserved 1048576K
}
Event: 1.580 GC heap before
{Heap before GC invocations=3 (full 0):
 garbage-first heap   total 262144K, used 47226K [0x0000000701800000, 0x0000000800000000)
  region size 1024K, 24 young (24576K), 2 survivors (2048K)
 Metaspace       used 9375K, capacity 9519K, committed 9600K, reserved 1058816K
  class space    used 832K, capacity 874K, committed 896K, reserved 1048576K
}
Event: 1.582 GC heap after
{Heap after GC invocations=4 (full 0):
 garbage-first heap   total 262144K, used 26705K [0x0000000701800000, 0x0000000800000000)
  region size 1024K, 3 young (3072K), 3 survivors (3072K)
 Metaspace       used 9375K, capacity 9519K, committed 9600K, reserved 1058816K
  class space    used 832K, capacity 874K, committed 896K, reserved 1048576K
}

Deoptimization events (20 events):
Event: 1.376 Thread 0x000001fe684ff800 Uncommon trap: trap_request=0xffffff4d fr.pc=0x000001fe786438b8 relative=0x0000000000000098
Event: 1.376 Thread 0x000001fe684ff800 Uncommon trap: reason=unstable_if action=reinterpret pc=0x000001fe786438b8 method=sun.util.calendar.ZoneInfo.getOffsets(J[II)I @ 4 c2
Event: 1.376 Thread 0x000001fe684ff800 DEOPT PACKING pc=0x000001fe786438b8 sp=0x000000f42ecfee40
Event: 1.376 Thread 0x000001fe684ff800 DEOPT UNPACKING pc=0x000001fe70b791af sp=0x000000f42ecfed90 mode 2
Event: 1.376 Thread 0x000001fe684ff800 Uncommon trap: trap_request=0xffffff4d fr.pc=0x000001fe786464b8 relative=0x00000000000003f8
Event: 1.376 Thread 0x000001fe684ff800 Uncommon trap: reason=unstable_if action=reinterpret pc=0x000001fe786464b8 method=sun.util.calendar.BaseCalendar$Date.hit(J)Z @ 15 c2
Event: 1.376 Thread 0x000001fe684ff800 DEOPT PACKING pc=0x000001fe786464b8 sp=0x000000f42ecfeec0
Event: 1.376 Thread 0x000001fe684ff800 DEOPT UNPACKING pc=0x000001fe70b791af sp=0x000000f42ecfeda8 mode 2
Event: 1.376 Thread 0x000001fe684ff800 Uncommon trap: trap_request=0xffffff4d fr.pc=0x000001fe78638584 relative=0x0000000000000064
Event: 1.376 Thread 0x000001fe684ff800 Uncommon trap: reason=unstable_if action=reinterpret pc=0x000001fe78638584 method=sun.util.calendar.CalendarDate.setYear(I)Lsun/util/calendar/CalendarDate; @ 5 c2
Event: 1.376 Thread 0x000001fe684ff800 DEOPT PACKING pc=0x000001fe78638584 sp=0x000000f42ecfee00
Event: 1.376 Thread 0x000001fe684ff800 DEOPT UNPACKING pc=0x000001fe70b791af sp=0x000000f42ecfed30 mode 2
Event: 1.486 Thread 0x000001fe684ff800 Uncommon trap: trap_request=0xffffff4d fr.pc=0x000001fe78642f30 relative=0x00000000000001d0
Event: 1.486 Thread 0x000001fe684ff800 Uncommon trap: reason=unstable_if action=reinterpret pc=0x000001fe78642f30 method=java.util.Calendar.setTimeInMillis(J)V @ 6 c2
Event: 1.486 Thread 0x000001fe684ff800 DEOPT PACKING pc=0x000001fe78642f30 sp=0x000000f42ecff180
Event: 1.486 Thread 0x000001fe684ff800 DEOPT UNPACKING pc=0x000001fe70b791af sp=0x000000f42ecff108 mode 2
Event: 1.579 Thread 0x000001fe684ff800 Uncommon trap: trap_request=0xffffff4d fr.pc=0x000001fe786793f0 relative=0x0000000000000670
Event: 1.579 Thread 0x000001fe684ff800 Uncommon trap: reason=unstable_if action=reinterpret pc=0x000001fe786793f0 method=net.sourceforge.zmanim.util.SunTimesCalculator.getTimeUTC(IIIDDDI)D @ 55 c2
Event: 1.579 Thread 0x000001fe684ff800 DEOPT PACKING pc=0x000001fe786793f0 sp=0x000000f42ecfefb0
Event: 1.579 Thread 0x000001fe684ff800 DEOPT UNPACKING pc=0x000001fe70b791af sp=0x000000f42ecfeed8 mode 2

Classes redefined (0 events):
No events

Internal exceptions (3 events):
Event: 0.786 Thread 0x000001fe684ff800 Exception <a 'java/lang/NoSuchMethodError'{0x00000007101b1e50}: 'java.lang.Object java.lang.invoke.DirectMethodHandle$Holder.invokeStaticInit(java.lang.Object, int, int, int, int)'> (0x00000007101b1e50) thrown at [c:/cygwin64/tmp/openjdk-jdk11u-windows-x6
Event: 1.254 Thread 0x000001fe684ff800 Exception <a 'java/lang/NoSuchMethodError'{0x0000000710037260}: 'java.lang.Object java.lang.invoke.DirectMethodHandle$Holder.invokeStaticInit(java.lang.Object, java.lang.Object, int, int, int, int)'> (0x0000000710037260) thrown at [c:/cygwin64/tmp/openjdk
Event: 1.374 Thread 0x000001fe684ff800 Implicit null exception at 0x000001fe786355cf to 0x000001fe7863562f

Events (20 events):
Event: 1.380 loading class java/lang/Math$RandomNumberGeneratorHolder done
Event: 1.411 Loaded shared library C:\Program Files\AdoptOpenJDK\jdk-11.0.6.10-hotspot\bin\java.dll
Event: 1.414 Loaded shared library C:\Program Files\AdoptOpenJDK\jdk-11.0.6.10-hotspot\bin\java.dll
Event: 1.416 Loaded shared library C:\Program Files\AdoptOpenJDK\jdk-11.0.6.10-hotspot\bin\java.dll
Event: 1.419 Loaded shared library C:\Program Files\AdoptOpenJDK\jdk-11.0.6.10-hotspot\bin\java.dll
Event: 1.429 Loaded shared library C:\Program Files\AdoptOpenJDK\jdk-11.0.6.10-hotspot\bin\java.dll
Event: 1.432 Loaded shared library C:\Program Files\AdoptOpenJDK\jdk-11.0.6.10-hotspot\bin\java.dll
Event: 1.435 Loaded shared library C:\Program Files\AdoptOpenJDK\jdk-11.0.6.10-hotspot\bin\java.dll
Event: 1.437 Loaded shared library C:\Program Files\AdoptOpenJDK\jdk-11.0.6.10-hotspot\bin\java.dll
Event: 1.441 Loaded shared library C:\Program Files\AdoptOpenJDK\jdk-11.0.6.10-hotspot\bin\java.dll
Event: 1.444 Loaded shared library C:\Program Files\AdoptOpenJDK\jdk-11.0.6.10-hotspot\bin\java.dll
Event: 1.446 Loaded shared library C:\Program Files\AdoptOpenJDK\jdk-11.0.6.10-hotspot\bin\java.dll
Event: 1.449 Loaded shared library C:\Program Files\AdoptOpenJDK\jdk-11.0.6.10-hotspot\bin\java.dll
Event: 1.474 Thread 0x000001fe0e292000 Thread added: 0x000001fe0e292000
Event: 1.507 Executing VM operation: G1CollectForAllocation
Event: 1.513 Executing VM operation: G1CollectForAllocation done
Event: 1.541 Executing VM operation: G1CollectForAllocation
Event: 1.543 Executing VM operation: G1CollectForAllocation done
Event: 1.580 Executing VM operation: G1CollectForAllocation
Event: 1.582 Executing VM operation: G1CollectForAllocation done


Dynamic libraries:
0x00007ff64b690000 - 0x00007ff64b69d000 	C:\Program Files\AdoptOpenJDK\jdk-11.0.6.10-hotspot\bin\javaw.exe
0x00007ff9ab420000 - 0x00007ff9ab610000 	C:\WINDOWS\SYSTEM32\ntdll.dll
0x00007ff9a3950000 - 0x00007ff9a3964000 	D:\Joey M\Programs\Avast\aswhook.dll
0x00007ff9aa020000 - 0x00007ff9aa0d2000 	C:\WINDOWS\System32\KERNEL32.DLL
0x00007ff9a89b0000 - 0x00007ff9a8c53000 	C:\WINDOWS\System32\KERNELBASE.dll
0x00007ff9a8660000 - 0x00007ff9a875a000 	C:\WINDOWS\System32\ucrtbase.dll
0x00007ff994dc0000 - 0x00007ff994dd7000 	C:\Program Files\AdoptOpenJDK\jdk-11.0.6.10-hotspot\bin\jli.dll
0x00007ff9aafe0000 - 0x00007ff9ab174000 	C:\WINDOWS\System32\USER32.dll
0x00007ff9a8d00000 - 0x00007ff9a8d21000 	C:\WINDOWS\System32\win32u.dll
0x00007ff9aa180000 - 0x00007ff9aa1a6000 	C:\WINDOWS\System32\GDI32.dll
0x00007ff9a8810000 - 0x00007ff9a89a4000 	C:\WINDOWS\System32\gdi32full.dll
0x00007ff9a8c60000 - 0x00007ff9a8cfe000 	C:\WINDOWS\System32\msvcp_win.dll
0x00007ff988cf0000 - 0x00007ff988d06000 	C:\Program Files\AdoptOpenJDK\jdk-11.0.6.10-hotspot\bin\VCRUNTIME140.dll
0x00007ff995ea0000 - 0x00007ff996125000 	C:\WINDOWS\WinSxS\amd64_microsoft.windows.common-controls_6595b64144ccf1df_6.0.18362.592_none_e6c0b1911312be02\COMCTL32.dll
0x00007ff9a9790000 - 0x00007ff9a982e000 	C:\WINDOWS\System32\msvcrt.dll
0x00007ff9aaaf0000 - 0x00007ff9aae26000 	C:\WINDOWS\System32\combase.dll
0x00007ff9aa7c0000 - 0x00007ff9aa8e0000 	C:\WINDOWS\System32\RPCRT4.dll
0x00007ff9a83b0000 - 0x00007ff9a8430000 	C:\WINDOWS\System32\bcryptPrimitives.dll
0x00007ff9ab250000 - 0x00007ff9ab27e000 	C:\WINDOWS\System32\IMM32.DLL
0x00007ff96f690000 - 0x00007ff96f72b000 	C:\Program Files\AdoptOpenJDK\jdk-11.0.6.10-hotspot\bin\msvcp140.dll
0x00007ff955380000 - 0x00007ff955e3c000 	C:\Program Files\AdoptOpenJDK\jdk-11.0.6.10-hotspot\bin\server\jvm.dll
0x00007ff9ab1a0000 - 0x00007ff9ab243000 	C:\WINDOWS\System32\ADVAPI32.dll
0x00007ff9aa0e0000 - 0x00007ff9aa177000 	C:\WINDOWS\System32\sechost.dll
0x00007ff9aa010000 - 0x00007ff9aa018000 	C:\WINDOWS\System32\PSAPI.DLL
0x00007ff9a6de0000 - 0x00007ff9a6de9000 	C:\WINDOWS\SYSTEM32\WSOCK32.dll
0x00007ff9aae30000 - 0x00007ff9aae9f000 	C:\WINDOWS\System32\WS2_32.dll
0x00007ff9a5510000 - 0x00007ff9a5534000 	C:\WINDOWS\SYSTEM32\WINMM.dll
0x00007ff99fa00000 - 0x00007ff99fa0a000 	C:\WINDOWS\SYSTEM32\VERSION.dll
0x00007ff9a54e0000 - 0x00007ff9a550d000 	C:\WINDOWS\SYSTEM32\WINMMBASE.dll
0x00007ff9a8430000 - 0x00007ff9a847a000 	C:\WINDOWS\System32\cfgmgr32.dll
0x00007ff9a8390000 - 0x00007ff9a83a1000 	C:\WINDOWS\System32\kernel.appcore.dll
0x00007ff999970000 - 0x00007ff999980000 	C:\Program Files\AdoptOpenJDK\jdk-11.0.6.10-hotspot\bin\verify.dll
0x00007ff9a6a70000 - 0x00007ff9a6c64000 	C:\WINDOWS\SYSTEM32\DBGHELP.DLL
0x00007ff99d9a0000 - 0x00007ff99d9ca000 	C:\WINDOWS\SYSTEM32\dbgcore.DLL
0x00007ff982400000 - 0x00007ff982428000 	C:\Program Files\AdoptOpenJDK\jdk-11.0.6.10-hotspot\bin\java.dll
0x00007ff984980000 - 0x00007ff984997000 	C:\Program Files\AdoptOpenJDK\jdk-11.0.6.10-hotspot\bin\zip.dll
0x00007ff996290000 - 0x00007ff99629a000 	C:\Program Files\AdoptOpenJDK\jdk-11.0.6.10-hotspot\bin\jimage.dll
0x00007ff9a9920000 - 0x00007ff9aa005000 	C:\WINDOWS\System32\SHELL32.dll
0x00007ff9aa970000 - 0x00007ff9aaa19000 	C:\WINDOWS\System32\shcore.dll
0x00007ff9a8d30000 - 0x00007ff9a94af000 	C:\WINDOWS\System32\windows.storage.dll
0x00007ff9a8320000 - 0x00007ff9a833f000 	C:\WINDOWS\System32\profapi.dll
0x00007ff9a8340000 - 0x00007ff9a838a000 	C:\WINDOWS\System32\powrprof.dll
0x00007ff9a82f0000 - 0x00007ff9a8300000 	C:\WINDOWS\System32\UMPDC.dll
0x00007ff9aaa90000 - 0x00007ff9aaae2000 	C:\WINDOWS\System32\shlwapi.dll
0x00007ff9a94b0000 - 0x00007ff9a94c7000 	C:\WINDOWS\System32\cryptsp.dll
0x00007ff981fe0000 - 0x00007ff981ff9000 	C:\Program Files\AdoptOpenJDK\jdk-11.0.6.10-hotspot\bin\net.dll
0x00007ff9a0a70000 - 0x00007ff9a0b60000 	C:\WINDOWS\SYSTEM32\WINHTTP.dll
0x00007ff9a7b60000 - 0x00007ff9a7bc7000 	C:\WINDOWS\system32\mswsock.dll
0x00007ff980350000 - 0x00007ff980362000 	C:\Program Files\AdoptOpenJDK\jdk-11.0.6.10-hotspot\bin\nio.dll
0x00007ff9a78b0000 - 0x00007ff9a797a000 	C:\WINDOWS\SYSTEM32\DNSAPI.dll
0x00007ff9aa960000 - 0x00007ff9aa968000 	C:\WINDOWS\System32\NSI.dll
0x00007ff9a7870000 - 0x00007ff9a78aa000 	C:\WINDOWS\SYSTEM32\IPHLPAPI.DLL
0x00007ff999700000 - 0x00007ff99970a000 	C:\Windows\System32\rasadhlp.dll
0x00007ff99f240000 - 0x00007ff99f2b7000 	C:\WINDOWS\System32\fwpuclnt.dll
0x00007ff9a8480000 - 0x00007ff9a84a6000 	C:\WINDOWS\System32\bcrypt.dll
0x00007ff9a76d0000 - 0x00007ff9a7703000 	C:\WINDOWS\system32\rsaenh.dll
0x00007ff9a8210000 - 0x00007ff9a8235000 	C:\WINDOWS\SYSTEM32\USERENV.dll
0x00007ff9a7d30000 - 0x00007ff9a7d3c000 	C:\WINDOWS\SYSTEM32\CRYPTBASE.dll
0x00007ff99fa80000 - 0x00007ff99fa96000 	C:\WINDOWS\SYSTEM32\dhcpcsvc6.DLL
0x00007ff99fa60000 - 0x00007ff99fa7c000 	C:\WINDOWS\SYSTEM32\dhcpcsvc.DLL

dbghelp: loaded successfully - version: 4.0.5 - missing functions: none
symbol engine: initialized successfully - sym options: 0x614 - pdb path: .;C:\Program Files\AdoptOpenJDK\jdk-11.0.6.10-hotspot\bin;C:\WINDOWS\SYSTEM32;D:\Joey M\Programs\Avast;C:\WINDOWS\WinSxS\amd64_microsoft.windows.common-controls_6595b64144ccf1df_6.0.18362.592_none_e6c0b1911312be02;C:\Program Files\AdoptOpenJDK\jdk-11.0.6.10-hotspot\bin\server

VM Arguments:
java_command: D:\projects\Java\dataprocessor\server\UnwdmiGenerator-2.1.jar
java_class_path (initial): D:\projects\Java\dataprocessor\server\UnwdmiGenerator-2.1.jar
Launcher Type: SUN_STANDARD

[Global flags]
     intx CICompilerCount                          = 4                                         {product} {ergonomic}
     uint ConcGCThreads                            = 2                                         {product} {ergonomic}
     uint G1ConcRefinementThreads                  = 8                                         {product} {ergonomic}
   size_t G1HeapRegionSize                         = 1048576                                   {product} {ergonomic}
    uintx GCDrainStackTargetSize                   = 64                                        {product} {ergonomic}
   size_t InitialHeapSize                          = 268435456                                 {product} {ergonomic}
   size_t MarkStackSize                            = 4194304                                   {product} {ergonomic}
   size_t MaxHeapSize                              = 4269801472                                {product} {ergonomic}
   size_t MaxNewSize                               = 2561671168                                {product} {ergonomic}
   size_t MinHeapDeltaBytes                        = 1048576                                   {product} {ergonomic}
    uintx NonNMethodCodeHeapSize                   = 5836300                                {pd product} {ergonomic}
    uintx NonProfiledCodeHeapSize                  = 122910970                              {pd product} {ergonomic}
    uintx ProfiledCodeHeapSize                     = 122910970                              {pd product} {ergonomic}
    uintx ReservedCodeCacheSize                    = 251658240                              {pd product} {ergonomic}
     bool SegmentedCodeCache                       = true                                      {product} {ergonomic}
     bool UseCompressedClassPointers               = true                                 {lp64_product} {ergonomic}
     bool UseCompressedOops                        = true                                 {lp64_product} {ergonomic}
     bool UseG1GC                                  = true                                      {product} {ergonomic}
     bool UseLargePagesIndividualAllocation        = false                                  {pd product} {ergonomic}

Logging:
Log output configuration:
 #0: stdout all=warning uptime,level,tags
 #1: stderr all=off uptime,level,tags

Environment Variables:
JAVA_HOME=C:\Program Files\AdoptOpenJDK\jdk-11.0.6.10-hotspot\
PATH=C:\Program Files\AdoptOpenJDK\jdk-11.0.6.10-hotspot\bin;C:\Program Files (x86)\Common Files\Oracle\Java\javapath;C:\ProgramData\Oracle\Java\javapath;C:\Program Files (x86)\Intel\iCLS Client\;C:\Program Files\Intel\iCLS Client\;C:\Windows\system32;C:\Windows;C:\Windows\System32\Wbem;C:\Windows\System32\WindowsPowerShell\v1.0\;C:\Program Files (x86)\Intel\Intel(R) Management Engine Components\DAL;C:\Program Files\Intel\Intel(R) Management Engine Components\DAL;C:\Program Files (x86)\Intel\Intel(R) Management Engine Components\IPT;C:\Program Files\Intel\Intel(R) Management Engine Components\IPT;C:\Users\Joey M. Behrens\.dnx\bin;C:\Program Files\Microsoft DNX\Dnvm\;C:\Program Files\Microsoft SQL Server\130\Tools\Binn\;D:\Joey M\Programs\Git\cmd;C:\Program Files (x86)\GtkSharp\2.12\bin;C:\WINDOWS\system32;C:\WINDOWS;C:\WINDOWS\System32\Wbem;C:\WINDOWS\System32\WindowsPowerShell\v1.0\;D:\Joey M\Programs\PuTTY\;D:\Joey M\Programs\erl8.3\bin;C:\Users\Joey M. Behrens\.mix\escripts;C:\Program Files\Intel\WiFi\bin\;D:\Joey M\Programs\qemu;D:\Joey M\Programs\TortoiseSVN\bin;C:\Program Files (x86)\NVIDIA Corporation\PhysX\Common;F:\xampp\php;C:\ProgramData\ComposerSetup\bin;C:\WINDOWS\system32;C:\WINDOWS;C:\WINDOWS\System32\Wbem;C:\WINDOWS\System32\WindowsPowerShell\v1.0\;C:\Program Files\dotnet\;D:\Go\bin;C:\WINDOWS\System32\OpenSSH\;D:\xampp\php;D:\mysql\mysql-8.0.13-winx64\bin;D:\Cmder;D:\NodeJS\;D:\HashiCrop\Vagrant\bin;D:\erl10.1\bin;D:\Elixir\bin;%USERPROFILE%\.mix\escripts;C:\Program Files (x86)\Calibre2\;D:\RailsInstaller\Ruby2.3.3\bin;C:\Users\Joey M. Behrens\AppData\Local\Programs\Python\Python36-32\Scripts\;C:\Users\Joey M. Behrens\AppData\Local\Programs\Python\Python36-32\;D:\GNAT\bin;D:\Joey M\Programs\GtkAda\bin;C:\Users\Joey M. Behrens\.cargo\bin;C:\Users\Joey M. Behrens\AppData\Local\Microsoft\WindowsApps;C:\MinGW\bin;C:\Users\Joey M. Behrens\AppData\Local\Microsoft\WindowsApps;D:\Joey M\Programs\CMake\bin;C:\Users\Joey M. Behrens\AppData\Roaming\Composer\vendo
USERNAME=Joey Behrens
OS=Windows_NT
PROCESSOR_IDENTIFIER=Intel64 Family 6 Model 94 Stepping 3, GenuineIntel



---------------  S Y S T E M  ---------------

OS: Windows 10 , 64 bit Build 18362 (10.0.18362.329)

CPU:total 8 (initial active 8) (4 cores per cpu, 2 threads per core) family 6 model 94 stepping 3, cmov, cx8, fxsr, mmx, sse, sse2, sse3, ssse3, sse4.1, sse4.2, popcnt, avx, avx2, aes, clmul, erms, rtm, 3dnowpref, lzcnt, ht, tsc, tscinvbit, bmi1, bmi2, adx, fma

Memory: 4k page, system-wide physical 16282M (3207M free)
TotalPageFile size 22066M (AvailPageFile size 14M)
current process WorkingSet (physical memory assigned to process): 165M, peak: 165M
current process commit charge ("private bytes"): 382M, peak: 384M

vm_info: OpenJDK 64-Bit Server VM (11.0.6+10) for windows-amd64 JRE (11.0.6+10), built on Jan 15 2020 06:14:58 by "" with MS VC++ 15.8 (VS2017)

END.
